  GameManager.cpp
H:\academyA\AcademyClass\제출\composite_quiz__text_rpg\composite_quiz__text_rpg\MapDraw.h(19,17): warning C4838: 'int'에서 'SHORT'(으)로의 변환에는 축소 변환이 필요합니다.
H:\academyA\AcademyClass\제출\composite_quiz__text_rpg\composite_quiz__text_rpg\MapDraw.h(19,20): warning C4838: 'int'에서 'SHORT'(으)로의 변환에는 축소 변환이 필요합니다.
H:\academyA\AcademyClass\제출\composite_quiz__text_rpg\composite_quiz__text_rpg\GameManager.cpp(8,2): warning C4996: 'sprintf': This function or variable may be unsafe. Consider using sprintf_s instead. To disable deprecation, use _CRT_SECURE_NO_WARNINGS. See online help for details.
H:\academyA\AcademyClass\제출\composite_quiz__text_rpg\composite_quiz__text_rpg\GameManager.cpp(17,68): warning C4244: '인수': 'float'에서 'int'(으)로 변환하면서 데이터가 손실될 수 있습니다.
H:\academyA\AcademyClass\제출\composite_quiz__text_rpg\composite_quiz__text_rpg\GameManager.cpp(18,53): warning C4244: '인수': 'float'에서 'int'(으)로 변환하면서 데이터가 손실될 수 있습니다.
H:\academyA\AcademyClass\제출\composite_quiz__text_rpg\composite_quiz__text_rpg\GameManager.cpp(19,53): warning C4244: '인수': 'float'에서 'int'(으)로 변환하면서 데이터가 손실될 수 있습니다.
H:\academyA\AcademyClass\제출\composite_quiz__text_rpg\composite_quiz__text_rpg\GameManager.cpp(20,53): warning C4244: '인수': 'float'에서 'int'(으)로 변환하면서 데이터가 손실될 수 있습니다.
H:\academyA\AcademyClass\제출\composite_quiz__text_rpg\composite_quiz__text_rpg\GameManager.cpp(53,68): warning C4244: '인수': 'float'에서 'int'(으)로 변환하면서 데이터가 손실될 수 있습니다.
H:\academyA\AcademyClass\제출\composite_quiz__text_rpg\composite_quiz__text_rpg\GameManager.cpp(72,62): warning C4244: '인수': 'double'에서 'int'(으)로 변환하면서 데이터가 손실될 수 있습니다.
H:\academyA\AcademyClass\제출\composite_quiz__text_rpg\composite_quiz__text_rpg\GameManager.cpp(73,58): warning C4244: '인수': 'float'에서 'int'(으)로 변환하면서 데이터가 손실될 수 있습니다.
H:\academyA\AcademyClass\제출\composite_quiz__text_rpg\composite_quiz__text_rpg\GameManager.cpp(74,62): warning C4244: '인수': 'float'에서 'int'(으)로 변환하면서 데이터가 손실될 수 있습니다.
H:\academyA\AcademyClass\제출\composite_quiz__text_rpg\composite_quiz__text_rpg\GameManager.cpp(75,63): warning C4244: '인수': 'float'에서 'int'(으)로 변환하면서 데이터가 손실될 수 있습니다.
H:\academyA\AcademyClass\제출\composite_quiz__text_rpg\composite_quiz__text_rpg\GameManager.cpp(76,62): warning C4244: '인수': 'float'에서 'int'(으)로 변환하면서 데이터가 손실될 수 있습니다.
H:\academyA\AcademyClass\제출\composite_quiz__text_rpg\composite_quiz__text_rpg\GameManager.cpp(77,55): warning C4244: '인수': 'float'에서 'int'(으)로 변환하면서 데이터가 손실될 수 있습니다.
H:\academyA\AcademyClass\제출\composite_quiz__text_rpg\composite_quiz__text_rpg\GameManager.cpp(78,55): warning C4244: '인수': 'float'에서 'int'(으)로 변환하면서 데이터가 손실될 수 있습니다.
H:\academyA\AcademyClass\제출\composite_quiz__text_rpg\composite_quiz__text_rpg\GameManager.cpp(95,2): warning C4996: 'getch': The POSIX name for this item is deprecated. Instead, use the ISO C and C++ conformant name: _getch. See online help for details.
H:\academyA\AcademyClass\제출\composite_quiz__text_rpg\composite_quiz__text_rpg\GameManager.cpp(101,71): warning C4244: '인수': 'float'에서 'int'(으)로 변환하면서 데이터가 손실될 수 있습니다.
H:\academyA\AcademyClass\제출\composite_quiz__text_rpg\composite_quiz__text_rpg\GameManager.cpp(107,63): warning C4244: '인수': 'float'에서 'int'(으)로 변환하면서 데이터가 손실될 수 있습니다.
H:\academyA\AcademyClass\제출\composite_quiz__text_rpg\composite_quiz__text_rpg\GameManager.cpp(109,67): warning C4244: '인수': 'float'에서 'int'(으)로 변환하면서 데이터가 손실될 수 있습니다.
H:\academyA\AcademyClass\제출\composite_quiz__text_rpg\composite_quiz__text_rpg\GameManager.cpp(117,56): warning C4244: '인수': 'float'에서 'int'(으)로 변환하면서 데이터가 손실될 수 있습니다.
H:\academyA\AcademyClass\제출\composite_quiz__text_rpg\composite_quiz__text_rpg\GameManager.cpp(118,56): warning C4244: '인수': 'float'에서 'int'(으)로 변환하면서 데이터가 손실될 수 있습니다.
H:\academyA\AcademyClass\제출\composite_quiz__text_rpg\composite_quiz__text_rpg\GameManager.cpp(124,56): warning C4244: '인수': 'float'에서 'int'(으)로 변환하면서 데이터가 손실될 수 있습니다.
H:\academyA\AcademyClass\제출\composite_quiz__text_rpg\composite_quiz__text_rpg\GameManager.cpp(125,56): warning C4244: '인수': 'float'에서 'int'(으)로 변환하면서 데이터가 손실될 수 있습니다.
H:\academyA\AcademyClass\제출\composite_quiz__text_rpg\composite_quiz__text_rpg\GameManager.cpp(131,56): warning C4244: '인수': 'float'에서 'int'(으)로 변환하면서 데이터가 손실될 수 있습니다.
H:\academyA\AcademyClass\제출\composite_quiz__text_rpg\composite_quiz__text_rpg\GameManager.cpp(132,56): warning C4244: '인수': 'float'에서 'int'(으)로 변환하면서 데이터가 손실될 수 있습니다.
H:\academyA\AcademyClass\제출\composite_quiz__text_rpg\composite_quiz__text_rpg\GameManager.cpp(142,67): warning C4244: '인수': 'float'에서 'int'(으)로 변환하면서 데이터가 손실될 수 있습니다.
H:\academyA\AcademyClass\제출\composite_quiz__text_rpg\composite_quiz__text_rpg\GameManager.cpp(143,149): warning C4244: '인수': 'float'에서 'int'(으)로 변환하면서 데이터가 손실될 수 있습니다.
H:\academyA\AcademyClass\제출\composite_quiz__text_rpg\composite_quiz__text_rpg\GameManager.cpp(147,54): warning C4244: '인수': 'float'에서 'int'(으)로 변환하면서 데이터가 손실될 수 있습니다.
H:\academyA\AcademyClass\제출\composite_quiz__text_rpg\composite_quiz__text_rpg\GameManager.cpp(146,3): warning C4996: 'getch': The POSIX name for this item is deprecated. Instead, use the ISO C and C++ conformant name: _getch. See online help for details.
H:\academyA\AcademyClass\제출\composite_quiz__text_rpg\composite_quiz__text_rpg\GameManager.cpp(156,3): warning C4996: 'getch': The POSIX name for this item is deprecated. Instead, use the ISO C and C++ conformant name: _getch. See online help for details.
H:\academyA\AcademyClass\제출\composite_quiz__text_rpg\composite_quiz__text_rpg\GameManager.cpp(163,3): warning C4996: 'getch': The POSIX name for this item is deprecated. Instead, use the ISO C and C++ conformant name: _getch. See online help for details.
H:\academyA\AcademyClass\제출\composite_quiz__text_rpg\composite_quiz__text_rpg\GameManager.cpp(179,88): warning C4244: '인수': 'float'에서 'int'(으)로 변환하면서 데이터가 손실될 수 있습니다.
H:\academyA\AcademyClass\제출\composite_quiz__text_rpg\composite_quiz__text_rpg\GameManager.cpp(180,94): warning C4244: '인수': 'float'에서 'int'(으)로 변환하면서 데이터가 손실될 수 있습니다.
H:\academyA\AcademyClass\제출\composite_quiz__text_rpg\composite_quiz__text_rpg\GameManager.cpp(181,93): warning C4244: '인수': 'float'에서 'int'(으)로 변환하면서 데이터가 손실될 수 있습니다.
H:\academyA\AcademyClass\제출\composite_quiz__text_rpg\composite_quiz__text_rpg\GameManager.cpp(191,20): warning C4018: '<': signed 또는 unsigned가 일치하지 않습니다.
H:\academyA\AcademyClass\제출\composite_quiz__text_rpg\composite_quiz__text_rpg\GameManager.cpp(199,50): warning C4244: '인수': 'float'에서 'int'(으)로 변환하면서 데이터가 손실될 수 있습니다.
H:\academyA\AcademyClass\제출\composite_quiz__text_rpg\composite_quiz__text_rpg\GameManager.cpp(200,77): warning C4244: '인수': 'float'에서 'int'(으)로 변환하면서 데이터가 손실될 수 있습니다.
H:\academyA\AcademyClass\제출\composite_quiz__text_rpg\composite_quiz__text_rpg\GameManager.cpp(207,98): warning C4244: '인수': 'float'에서 'int'(으)로 변환하면서 데이터가 손실될 수 있습니다.
H:\academyA\AcademyClass\제출\composite_quiz__text_rpg\composite_quiz__text_rpg\GameManager.cpp(206,16): warning C4996: 'getch': The POSIX name for this item is deprecated. Instead, use the ISO C and C++ conformant name: _getch. See online help for details.
H:\academyA\AcademyClass\제출\composite_quiz__text_rpg\composite_quiz__text_rpg\GameManager.cpp(236,2): warning C4996: 'getch': The POSIX name for this item is deprecated. Instead, use the ISO C and C++ conformant name: _getch. See online help for details.
H:\academyA\AcademyClass\제출\composite_quiz__text_rpg\composite_quiz__text_rpg\GameManager.cpp(252,4): warning C4996: 'getch': The POSIX name for this item is deprecated. Instead, use the ISO C and C++ conformant name: _getch. See online help for details.
H:\academyA\AcademyClass\제출\composite_quiz__text_rpg\composite_quiz__text_rpg\GameManager.cpp(262,19): warning C4018: '<': signed 또는 unsigned가 일치하지 않습니다.
H:\academyA\AcademyClass\제출\composite_quiz__text_rpg\composite_quiz__text_rpg\GameManager.cpp(284,65): warning C4244: '인수': 'float'에서 'int'(으)로 변환하면서 데이터가 손실될 수 있습니다.
H:\academyA\AcademyClass\제출\composite_quiz__text_rpg\composite_quiz__text_rpg\GameManager.cpp(285,68): warning C4244: '인수': 'float'에서 'int'(으)로 변환하면서 데이터가 손실될 수 있습니다.
H:\academyA\AcademyClass\제출\composite_quiz__text_rpg\composite_quiz__text_rpg\GameManager.cpp(286,68): warning C4244: '인수': 'float'에서 'int'(으)로 변환하면서 데이터가 손실될 수 있습니다.
H:\academyA\AcademyClass\제출\composite_quiz__text_rpg\composite_quiz__text_rpg\GameManager.cpp(287,61): warning C4244: '인수': 'float'에서 'int'(으)로 변환하면서 데이터가 손실될 수 있습니다.
H:\academyA\AcademyClass\제출\composite_quiz__text_rpg\composite_quiz__text_rpg\GameManager.cpp(289,82): warning C4244: '인수': 'float'에서 'int'(으)로 변환하면서 데이터가 손실될 수 있습니다.
H:\academyA\AcademyClass\제출\composite_quiz__text_rpg\composite_quiz__text_rpg\GameManager.cpp(345,15): warning C4244: '초기화 중': 'float'에서 'int'(으)로 변환하면서 데이터가 손실될 수 있습니다.
H:\academyA\AcademyClass\제출\composite_quiz__text_rpg\composite_quiz__text_rpg\GameManager.cpp(347,68): warning C4244: '인수': 'float'에서 'int'(으)로 변환하면서 데이터가 손실될 수 있습니다.
H:\academyA\AcademyClass\제출\composite_quiz__text_rpg\composite_quiz__text_rpg\GameManager.cpp(348,60): warning C4244: '인수': 'float'에서 'int'(으)로 변환하면서 데이터가 손실될 수 있습니다.
H:\academyA\AcademyClass\제출\composite_quiz__text_rpg\composite_quiz__text_rpg\GameManager.cpp(349,60): warning C4244: '인수': 'float'에서 'int'(으)로 변환하면서 데이터가 손실될 수 있습니다.
H:\academyA\AcademyClass\제출\composite_quiz__text_rpg\composite_quiz__text_rpg\GameManager.cpp(350,60): warning C4244: '인수': 'float'에서 'int'(으)로 변환하면서 데이터가 손실될 수 있습니다.
H:\academyA\AcademyClass\제출\composite_quiz__text_rpg\composite_quiz__text_rpg\GameManager.cpp(351,60): warning C4244: '인수': 'float'에서 'int'(으)로 변환하면서 데이터가 손실될 수 있습니다.
H:\academyA\AcademyClass\제출\composite_quiz__text_rpg\composite_quiz__text_rpg\GameManager.cpp(352,60): warning C4244: '인수': 'float'에서 'int'(으)로 변환하면서 데이터가 손실될 수 있습니다.
H:\academyA\AcademyClass\제출\composite_quiz__text_rpg\composite_quiz__text_rpg\GameManager.cpp(353,60): warning C4244: '인수': 'float'에서 'int'(으)로 변환하면서 데이터가 손실될 수 있습니다.
H:\academyA\AcademyClass\제출\composite_quiz__text_rpg\composite_quiz__text_rpg\GameManager.cpp(354,64): warning C4244: '인수': 'float'에서 'int'(으)로 변환하면서 데이터가 손실될 수 있습니다.
H:\academyA\AcademyClass\제출\composite_quiz__text_rpg\composite_quiz__text_rpg\GameManager.cpp(376,14): warning C4244: '초기화 중': 'float'에서 'int'(으)로 변환하면서 데이터가 손실될 수 있습니다.
H:\academyA\AcademyClass\제출\composite_quiz__text_rpg\composite_quiz__text_rpg\GameManager.cpp(427,14): warning C4244: '초기화 중': 'float'에서 'int'(으)로 변환하면서 데이터가 손실될 수 있습니다.
H:\academyA\AcademyClass\제출\composite_quiz__text_rpg\composite_quiz__text_rpg\GameManager.cpp(445,120): warning C4244: '인수': 'float'에서 'int'(으)로 변환하면서 데이터가 손실될 수 있습니다.
H:\academyA\AcademyClass\제출\composite_quiz__text_rpg\composite_quiz__text_rpg\GameManager.cpp(447,85): warning C4244: '인수': 'float'에서 'int'(으)로 변환하면서 데이터가 손실될 수 있습니다.
H:\academyA\AcademyClass\제출\composite_quiz__text_rpg\composite_quiz__text_rpg\GameManager.cpp(459,14): warning C4244: '초기화 중': 'float'에서 'int'(으)로 변환하면서 데이터가 손실될 수 있습니다.
H:\academyA\AcademyClass\제출\composite_quiz__text_rpg\composite_quiz__text_rpg\GameManager.cpp(491,58): warning C4244: '인수': 'float'에서 'int'(으)로 변환하면서 데이터가 손실될 수 있습니다.
H:\academyA\AcademyClass\제출\composite_quiz__text_rpg\composite_quiz__text_rpg\GameManager.cpp(492,5): warning C4996: 'getch': The POSIX name for this item is deprecated. Instead, use the ISO C and C++ conformant name: _getch. See online help for details.
H:\academyA\AcademyClass\제출\composite_quiz__text_rpg\composite_quiz__text_rpg\GameManager.cpp(632,56): warning C4244: '인수': 'float'에서 'int'(으)로 변환하면서 데이터가 손실될 수 있습니다.
H:\academyA\AcademyClass\제출\composite_quiz__text_rpg\composite_quiz__text_rpg\GameManager.cpp(638,75): warning C4244: '인수': 'float'에서 'int'(으)로 변환하면서 데이터가 손실될 수 있습니다.
H:\academyA\AcademyClass\제출\composite_quiz__text_rpg\composite_quiz__text_rpg\GameManager.cpp(650,56): warning C4244: '인수': 'float'에서 'int'(으)로 변환하면서 데이터가 손실될 수 있습니다.
H:\academyA\AcademyClass\제출\composite_quiz__text_rpg\composite_quiz__text_rpg\GameManager.cpp(651,3): warning C4996: 'getch': The POSIX name for this item is deprecated. Instead, use the ISO C and C++ conformant name: _getch. See online help for details.
H:\academyA\AcademyClass\제출\composite_quiz__text_rpg\composite_quiz__text_rpg\GameManager.cpp(671,15): warning C4244: '초기화 중': 'float'에서 'int'(으)로 변환하면서 데이터가 손실될 수 있습니다.
  Shop.cpp
  main_composite_quiz.cpp
H:\academyA\AcademyClass\제출\composite_quiz__text_rpg\composite_quiz__text_rpg\MapDraw.h(19,17): warning C4838: 'int'에서 'SHORT'(으)로의 변환에는 축소 변환이 필요합니다.
H:\academyA\AcademyClass\제출\composite_quiz__text_rpg\composite_quiz__text_rpg\MapDraw.h(19,20): warning C4838: 'int'에서 'SHORT'(으)로의 변환에는 축소 변환이 필요합니다.
H:\academyA\AcademyClass\제출\composite_quiz__text_rpg\composite_quiz__text_rpg\main_composite_quiz.cpp(11,1): warning C4326: 'main'의 반환 형식이 'int'이어야 하는데 'void'입니다.
  코드를 생성하고 있습니다...
  composite_quiz__text_rpg.vcxproj -> H:\academyA\AcademyClass\제출\composite_quiz__text_rpg\Debug\composite_quiz__text_rpg.exe
