  Character.cpp
H:\academyA\AcademyClass\제출\CPP09_03_virtualFuncQuiz\MapDraw.h(19,17): warning C4838: 'int'에서 'SHORT'(으)로의 변환에는 축소 변환이 필요합니다.
H:\academyA\AcademyClass\제출\CPP09_03_virtualFuncQuiz\MapDraw.h(19,20): warning C4838: 'int'에서 'SHORT'(으)로의 변환에는 축소 변환이 필요합니다.
H:\academyA\AcademyClass\제출\CPP09_03_virtualFuncQuiz\Character.cpp(25,58): warning C4244: '인수': 'float'에서 'int'(으)로 변환하면서 데이터가 손실될 수 있습니다.
  GameManager.cpp
H:\academyA\AcademyClass\제출\CPP09_03_virtualFuncQuiz\MapDraw.h(19,17): warning C4838: 'int'에서 'SHORT'(으)로의 변환에는 축소 변환이 필요합니다.
H:\academyA\AcademyClass\제출\CPP09_03_virtualFuncQuiz\MapDraw.h(19,20): warning C4838: 'int'에서 'SHORT'(으)로의 변환에는 축소 변환이 필요합니다.
H:\academyA\AcademyClass\제출\CPP09_03_virtualFuncQuiz\GameManager.cpp(8,2): warning C4996: 'sprintf': This function or variable may be unsafe. Consider using sprintf_s instead. To disable deprecation, use _CRT_SECURE_NO_WARNINGS. See online help for details.
H:\academyA\AcademyClass\제출\CPP09_03_virtualFuncQuiz\GameManager.cpp(17,64): warning C4244: '인수': 'float'에서 'int'(으)로 변환하면서 데이터가 손실될 수 있습니다.
H:\academyA\AcademyClass\제출\CPP09_03_virtualFuncQuiz\GameManager.cpp(18,53): warning C4244: '인수': 'float'에서 'int'(으)로 변환하면서 데이터가 손실될 수 있습니다.
H:\academyA\AcademyClass\제출\CPP09_03_virtualFuncQuiz\GameManager.cpp(19,53): warning C4244: '인수': 'float'에서 'int'(으)로 변환하면서 데이터가 손실될 수 있습니다.
H:\academyA\AcademyClass\제출\CPP09_03_virtualFuncQuiz\GameManager.cpp(20,53): warning C4244: '인수': 'float'에서 'int'(으)로 변환하면서 데이터가 손실될 수 있습니다.
H:\academyA\AcademyClass\제출\CPP09_03_virtualFuncQuiz\GameManager.cpp(53,67): warning C4244: '인수': 'float'에서 'int'(으)로 변환하면서 데이터가 손실될 수 있습니다.
H:\academyA\AcademyClass\제출\CPP09_03_virtualFuncQuiz\GameManager.cpp(72,62): warning C4244: '인수': 'double'에서 'int'(으)로 변환하면서 데이터가 손실될 수 있습니다.
H:\academyA\AcademyClass\제출\CPP09_03_virtualFuncQuiz\GameManager.cpp(73,57): warning C4244: '인수': 'float'에서 'int'(으)로 변환하면서 데이터가 손실될 수 있습니다.
H:\academyA\AcademyClass\제출\CPP09_03_virtualFuncQuiz\GameManager.cpp(74,62): warning C4244: '인수': 'float'에서 'int'(으)로 변환하면서 데이터가 손실될 수 있습니다.
H:\academyA\AcademyClass\제출\CPP09_03_virtualFuncQuiz\GameManager.cpp(75,63): warning C4244: '인수': 'float'에서 'int'(으)로 변환하면서 데이터가 손실될 수 있습니다.
H:\academyA\AcademyClass\제출\CPP09_03_virtualFuncQuiz\GameManager.cpp(76,62): warning C4244: '인수': 'float'에서 'int'(으)로 변환하면서 데이터가 손실될 수 있습니다.
H:\academyA\AcademyClass\제출\CPP09_03_virtualFuncQuiz\GameManager.cpp(77,55): warning C4244: '인수': 'float'에서 'int'(으)로 변환하면서 데이터가 손실될 수 있습니다.
H:\academyA\AcademyClass\제출\CPP09_03_virtualFuncQuiz\GameManager.cpp(78,55): warning C4244: '인수': 'float'에서 'int'(으)로 변환하면서 데이터가 손실될 수 있습니다.
H:\academyA\AcademyClass\제출\CPP09_03_virtualFuncQuiz\GameManager.cpp(95,2): warning C4996: 'getch': The POSIX name for this item is deprecated. Instead, use the ISO C and C++ conformant name: _getch. See online help for details.
H:\academyA\AcademyClass\제출\CPP09_03_virtualFuncQuiz\GameManager.cpp(101,71): warning C4244: '인수': 'float'에서 'int'(으)로 변환하면서 데이터가 손실될 수 있습니다.
H:\academyA\AcademyClass\제출\CPP09_03_virtualFuncQuiz\GameManager.cpp(107,61): warning C4244: '인수': 'float'에서 'int'(으)로 변환하면서 데이터가 손실될 수 있습니다.
H:\academyA\AcademyClass\제출\CPP09_03_virtualFuncQuiz\GameManager.cpp(109,67): warning C4244: '인수': 'float'에서 'int'(으)로 변환하면서 데이터가 손실될 수 있습니다.
H:\academyA\AcademyClass\제출\CPP09_03_virtualFuncQuiz\GameManager.cpp(117,53): warning C4244: '인수': 'float'에서 'int'(으)로 변환하면서 데이터가 손실될 수 있습니다.
H:\academyA\AcademyClass\제출\CPP09_03_virtualFuncQuiz\GameManager.cpp(118,53): warning C4244: '인수': 'float'에서 'int'(으)로 변환하면서 데이터가 손실될 수 있습니다.
H:\academyA\AcademyClass\제출\CPP09_03_virtualFuncQuiz\GameManager.cpp(124,56): warning C4244: '인수': 'float'에서 'int'(으)로 변환하면서 데이터가 손실될 수 있습니다.
H:\academyA\AcademyClass\제출\CPP09_03_virtualFuncQuiz\GameManager.cpp(125,56): warning C4244: '인수': 'float'에서 'int'(으)로 변환하면서 데이터가 손실될 수 있습니다.
H:\academyA\AcademyClass\제출\CPP09_03_virtualFuncQuiz\GameManager.cpp(131,56): warning C4244: '인수': 'float'에서 'int'(으)로 변환하면서 데이터가 손실될 수 있습니다.
H:\academyA\AcademyClass\제출\CPP09_03_virtualFuncQuiz\GameManager.cpp(132,56): warning C4244: '인수': 'float'에서 'int'(으)로 변환하면서 데이터가 손실될 수 있습니다.
H:\academyA\AcademyClass\제출\CPP09_03_virtualFuncQuiz\GameManager.cpp(142,67): warning C4244: '인수': 'float'에서 'int'(으)로 변환하면서 데이터가 손실될 수 있습니다.
H:\academyA\AcademyClass\제출\CPP09_03_virtualFuncQuiz\GameManager.cpp(143,149): warning C4244: '인수': 'float'에서 'int'(으)로 변환하면서 데이터가 손실될 수 있습니다.
H:\academyA\AcademyClass\제출\CPP09_03_virtualFuncQuiz\GameManager.cpp(147,54): warning C4244: '인수': 'float'에서 'int'(으)로 변환하면서 데이터가 손실될 수 있습니다.
H:\academyA\AcademyClass\제출\CPP09_03_virtualFuncQuiz\GameManager.cpp(146,3): warning C4996: 'getch': The POSIX name for this item is deprecated. Instead, use the ISO C and C++ conformant name: _getch. See online help for details.
H:\academyA\AcademyClass\제출\CPP09_03_virtualFuncQuiz\GameManager.cpp(156,3): warning C4996: 'getch': The POSIX name for this item is deprecated. Instead, use the ISO C and C++ conformant name: _getch. See online help for details.
H:\academyA\AcademyClass\제출\CPP09_03_virtualFuncQuiz\GameManager.cpp(163,3): warning C4996: 'getch': The POSIX name for this item is deprecated. Instead, use the ISO C and C++ conformant name: _getch. See online help for details.
H:\academyA\AcademyClass\제출\CPP09_03_virtualFuncQuiz\GameManager.cpp(179,87): warning C4244: '인수': 'float'에서 'int'(으)로 변환하면서 데이터가 손실될 수 있습니다.
H:\academyA\AcademyClass\제출\CPP09_03_virtualFuncQuiz\GameManager.cpp(180,93): warning C4244: '인수': 'float'에서 'int'(으)로 변환하면서 데이터가 손실될 수 있습니다.
H:\academyA\AcademyClass\제출\CPP09_03_virtualFuncQuiz\GameManager.cpp(181,92): warning C4244: '인수': 'float'에서 'int'(으)로 변환하면서 데이터가 손실될 수 있습니다.
H:\academyA\AcademyClass\제출\CPP09_03_virtualFuncQuiz\GameManager.cpp(191,20): warning C4018: '<': signed 또는 unsigned가 일치하지 않습니다.
H:\academyA\AcademyClass\제출\CPP09_03_virtualFuncQuiz\GameManager.cpp(199,49): warning C4244: '인수': 'float'에서 'int'(으)로 변환하면서 데이터가 손실될 수 있습니다.
H:\academyA\AcademyClass\제출\CPP09_03_virtualFuncQuiz\GameManager.cpp(200,77): warning C4244: '인수': 'float'에서 'int'(으)로 변환하면서 데이터가 손실될 수 있습니다.
H:\academyA\AcademyClass\제출\CPP09_03_virtualFuncQuiz\GameManager.cpp(207,97): warning C4244: '인수': 'float'에서 'int'(으)로 변환하면서 데이터가 손실될 수 있습니다.
H:\academyA\AcademyClass\제출\CPP09_03_virtualFuncQuiz\GameManager.cpp(206,16): warning C4996: 'getch': The POSIX name for this item is deprecated. Instead, use the ISO C and C++ conformant name: _getch. See online help for details.
H:\academyA\AcademyClass\제출\CPP09_03_virtualFuncQuiz\GameManager.cpp(236,2): warning C4996: 'getch': The POSIX name for this item is deprecated. Instead, use the ISO C and C++ conformant name: _getch. See online help for details.
H:\academyA\AcademyClass\제출\CPP09_03_virtualFuncQuiz\GameManager.cpp(252,4): warning C4996: 'getch': The POSIX name for this item is deprecated. Instead, use the ISO C and C++ conformant name: _getch. See online help for details.
H:\academyA\AcademyClass\제출\CPP09_03_virtualFuncQuiz\GameManager.cpp(262,19): warning C4018: '<': signed 또는 unsigned가 일치하지 않습니다.
H:\academyA\AcademyClass\제출\CPP09_03_virtualFuncQuiz\GameManager.cpp(284,58): warning C4244: '인수': 'float'에서 'int'(으)로 변환하면서 데이터가 손실될 수 있습니다.
H:\academyA\AcademyClass\제출\CPP09_03_virtualFuncQuiz\GameManager.cpp(285,68): warning C4244: '인수': 'float'에서 'int'(으)로 변환하면서 데이터가 손실될 수 있습니다.
H:\academyA\AcademyClass\제출\CPP09_03_virtualFuncQuiz\GameManager.cpp(286,68): warning C4244: '인수': 'float'에서 'int'(으)로 변환하면서 데이터가 손실될 수 있습니다.
H:\academyA\AcademyClass\제출\CPP09_03_virtualFuncQuiz\GameManager.cpp(287,61): warning C4244: '인수': 'float'에서 'int'(으)로 변환하면서 데이터가 손실될 수 있습니다.
H:\academyA\AcademyClass\제출\CPP09_03_virtualFuncQuiz\GameManager.cpp(289,79): warning C4244: '인수': 'float'에서 'int'(으)로 변환하면서 데이터가 손실될 수 있습니다.
H:\academyA\AcademyClass\제출\CPP09_03_virtualFuncQuiz\GameManager.cpp(345,15): warning C4244: '초기화 중': 'float'에서 'int'(으)로 변환하면서 데이터가 손실될 수 있습니다.
H:\academyA\AcademyClass\제출\CPP09_03_virtualFuncQuiz\GameManager.cpp(347,68): warning C4244: '인수': 'float'에서 'int'(으)로 변환하면서 데이터가 손실될 수 있습니다.
H:\academyA\AcademyClass\제출\CPP09_03_virtualFuncQuiz\GameManager.cpp(348,60): warning C4244: '인수': 'float'에서 'int'(으)로 변환하면서 데이터가 손실될 수 있습니다.
H:\academyA\AcademyClass\제출\CPP09_03_virtualFuncQuiz\GameManager.cpp(349,60): warning C4244: '인수': 'float'에서 'int'(으)로 변환하면서 데이터가 손실될 수 있습니다.
H:\academyA\AcademyClass\제출\CPP09_03_virtualFuncQuiz\GameManager.cpp(350,60): warning C4244: '인수': 'float'에서 'int'(으)로 변환하면서 데이터가 손실될 수 있습니다.
H:\academyA\AcademyClass\제출\CPP09_03_virtualFuncQuiz\GameManager.cpp(351,60): warning C4244: '인수': 'float'에서 'int'(으)로 변환하면서 데이터가 손실될 수 있습니다.
H:\academyA\AcademyClass\제출\CPP09_03_virtualFuncQuiz\GameManager.cpp(352,60): warning C4244: '인수': 'float'에서 'int'(으)로 변환하면서 데이터가 손실될 수 있습니다.
H:\academyA\AcademyClass\제출\CPP09_03_virtualFuncQuiz\GameManager.cpp(353,60): warning C4244: '인수': 'float'에서 'int'(으)로 변환하면서 데이터가 손실될 수 있습니다.
H:\academyA\AcademyClass\제출\CPP09_03_virtualFuncQuiz\GameManager.cpp(354,64): warning C4244: '인수': 'float'에서 'int'(으)로 변환하면서 데이터가 손실될 수 있습니다.
H:\academyA\AcademyClass\제출\CPP09_03_virtualFuncQuiz\GameManager.cpp(376,14): warning C4244: '초기화 중': 'float'에서 'int'(으)로 변환하면서 데이터가 손실될 수 있습니다.
H:\academyA\AcademyClass\제출\CPP09_03_virtualFuncQuiz\GameManager.cpp(427,14): warning C4244: '초기화 중': 'float'에서 'int'(으)로 변환하면서 데이터가 손실될 수 있습니다.
H:\academyA\AcademyClass\제출\CPP09_03_virtualFuncQuiz\GameManager.cpp(445,116): warning C4244: '인수': 'float'에서 'int'(으)로 변환하면서 데이터가 손실될 수 있습니다.
H:\academyA\AcademyClass\제출\CPP09_03_virtualFuncQuiz\GameManager.cpp(447,81): warning C4244: '인수': 'float'에서 'int'(으)로 변환하면서 데이터가 손실될 수 있습니다.
H:\academyA\AcademyClass\제출\CPP09_03_virtualFuncQuiz\GameManager.cpp(459,14): warning C4244: '초기화 중': 'float'에서 'int'(으)로 변환하면서 데이터가 손실될 수 있습니다.
H:\academyA\AcademyClass\제출\CPP09_03_virtualFuncQuiz\GameManager.cpp(491,58): warning C4244: '인수': 'float'에서 'int'(으)로 변환하면서 데이터가 손실될 수 있습니다.
H:\academyA\AcademyClass\제출\CPP09_03_virtualFuncQuiz\GameManager.cpp(492,5): warning C4996: 'getch': The POSIX name for this item is deprecated. Instead, use the ISO C and C++ conformant name: _getch. See online help for details.
H:\academyA\AcademyClass\제출\CPP09_03_virtualFuncQuiz\GameManager.cpp(557,56): warning C4244: '인수': 'float'에서 'int'(으)로 변환하면서 데이터가 손실될 수 있습니다.
H:\academyA\AcademyClass\제출\CPP09_03_virtualFuncQuiz\GameManager.cpp(563,75): warning C4244: '인수': 'float'에서 'int'(으)로 변환하면서 데이터가 손실될 수 있습니다.
H:\academyA\AcademyClass\제출\CPP09_03_virtualFuncQuiz\GameManager.cpp(575,56): warning C4244: '인수': 'float'에서 'int'(으)로 변환하면서 데이터가 손실될 수 있습니다.
H:\academyA\AcademyClass\제출\CPP09_03_virtualFuncQuiz\GameManager.cpp(576,3): warning C4996: 'getch': The POSIX name for this item is deprecated. Instead, use the ISO C and C++ conformant name: _getch. See online help for details.
H:\academyA\AcademyClass\제출\CPP09_03_virtualFuncQuiz\GameManager.cpp(596,15): warning C4244: '초기화 중': 'float'에서 'int'(으)로 변환하면서 데이터가 손실될 수 있습니다.
  mainRPG.cpp
H:\academyA\AcademyClass\제출\CPP09_03_virtualFuncQuiz\MapDraw.h(19,17): warning C4838: 'int'에서 'SHORT'(으)로의 변환에는 축소 변환이 필요합니다.
H:\academyA\AcademyClass\제출\CPP09_03_virtualFuncQuiz\MapDraw.h(19,20): warning C4838: 'int'에서 'SHORT'(으)로의 변환에는 축소 변환이 필요합니다.
H:\academyA\AcademyClass\제출\CPP09_03_virtualFuncQuiz\mainRPG.cpp(5,1): warning C4326: 'main'의 반환 형식이 'int'이어야 하는데 'void'입니다.
  MapDraw.cpp
H:\academyA\AcademyClass\제출\CPP09_03_virtualFuncQuiz\MapDraw.h(19,17): warning C4838: 'int'에서 'SHORT'(으)로의 변환에는 축소 변환이 필요합니다.
H:\academyA\AcademyClass\제출\CPP09_03_virtualFuncQuiz\MapDraw.h(19,20): warning C4838: 'int'에서 'SHORT'(으)로의 변환에는 축소 변환이 필요합니다.
H:\academyA\AcademyClass\제출\CPP09_03_virtualFuncQuiz\MapDraw.cpp(26,8): warning C4018: '>': signed 또는 unsigned가 일치하지 않습니다.
H:\academyA\AcademyClass\제출\CPP09_03_virtualFuncQuiz\MapDraw.cpp(90,12): warning C4996: 'getch': The POSIX name for this item is deprecated. Instead, use the ISO C and C++ conformant name: _getch. See online help for details.
  Monster.cpp
H:\academyA\AcademyClass\제출\CPP09_03_virtualFuncQuiz\MapDraw.h(19,17): warning C4838: 'int'에서 'SHORT'(으)로의 변환에는 축소 변환이 필요합니다.
H:\academyA\AcademyClass\제출\CPP09_03_virtualFuncQuiz\MapDraw.h(19,20): warning C4838: 'int'에서 'SHORT'(으)로의 변환에는 축소 변환이 필요합니다.
H:\academyA\AcademyClass\제출\CPP09_03_virtualFuncQuiz\Monster.cpp(15,56): warning C4244: '인수': 'float'에서 'int'(으)로 변환하면서 데이터가 손실될 수 있습니다.
H:\academyA\AcademyClass\제출\CPP09_03_virtualFuncQuiz\Monster.cpp(16,65): warning C4244: '인수': 'float'에서 'int'(으)로 변환하면서 데이터가 손실될 수 있습니다.
H:\academyA\AcademyClass\제출\CPP09_03_virtualFuncQuiz\Monster.cpp(18,65): warning C4244: '인수': 'float'에서 'int'(으)로 변환하면서 데이터가 손실될 수 있습니다.
H:\academyA\AcademyClass\제출\CPP09_03_virtualFuncQuiz\Monster.cpp(20,65): warning C4244: '인수': 'float'에서 'int'(으)로 변환하면서 데이터가 손실될 수 있습니다.
H:\academyA\AcademyClass\제출\CPP09_03_virtualFuncQuiz\Monster.cpp(22,62): warning C4244: '인수': 'float'에서 'int'(으)로 변환하면서 데이터가 손실될 수 있습니다.
H:\academyA\AcademyClass\제출\CPP09_03_virtualFuncQuiz\Monster.cpp(24,60): warning C4244: '인수': 'float'에서 'int'(으)로 변환하면서 데이터가 손실될 수 있습니다.
  Player.cpp
H:\academyA\AcademyClass\제출\CPP09_03_virtualFuncQuiz\MapDraw.h(19,17): warning C4838: 'int'에서 'SHORT'(으)로의 변환에는 축소 변환이 필요합니다.
H:\academyA\AcademyClass\제출\CPP09_03_virtualFuncQuiz\MapDraw.h(19,20): warning C4838: 'int'에서 'SHORT'(으)로의 변환에는 축소 변환이 필요합니다.
H:\academyA\AcademyClass\제출\CPP09_03_virtualFuncQuiz\Player.cpp(17,56): warning C4244: '인수': 'float'에서 'int'(으)로 변환하면서 데이터가 손실될 수 있습니다.
H:\academyA\AcademyClass\제출\CPP09_03_virtualFuncQuiz\Player.cpp(18,65): warning C4244: '인수': 'float'에서 'int'(으)로 변환하면서 데이터가 손실될 수 있습니다.
H:\academyA\AcademyClass\제출\CPP09_03_virtualFuncQuiz\Player.cpp(20,65): warning C4244: '인수': 'float'에서 'int'(으)로 변환하면서 데이터가 손실될 수 있습니다.
H:\academyA\AcademyClass\제출\CPP09_03_virtualFuncQuiz\Player.cpp(22,65): warning C4244: '인수': 'float'에서 'int'(으)로 변환하면서 데이터가 손실될 수 있습니다.
H:\academyA\AcademyClass\제출\CPP09_03_virtualFuncQuiz\Player.cpp(24,62): warning C4244: '인수': 'float'에서 'int'(으)로 변환하면서 데이터가 손실될 수 있습니다.
H:\academyA\AcademyClass\제출\CPP09_03_virtualFuncQuiz\Player.cpp(26,60): warning C4244: '인수': 'float'에서 'int'(으)로 변환하면서 데이터가 손실될 수 있습니다.
H:\academyA\AcademyClass\제출\CPP09_03_virtualFuncQuiz\Player.cpp(31,210): warning C4244: '인수': 'float'에서 'int'(으)로 변환하면서 데이터가 손실될 수 있습니다.
H:\academyA\AcademyClass\제출\CPP09_03_virtualFuncQuiz\Player.cpp(60,104): warning C4244: '인수': 'float'에서 'int'(으)로 변환하면서 데이터가 손실될 수 있습니다.
H:\academyA\AcademyClass\제출\CPP09_03_virtualFuncQuiz\Player.cpp(65,100): warning C4244: '인수': 'float'에서 'int'(으)로 변환하면서 데이터가 손실될 수 있습니다.
H:\academyA\AcademyClass\제출\CPP09_03_virtualFuncQuiz\Player.cpp(70,97): warning C4244: '인수': 'float'에서 'int'(으)로 변환하면서 데이터가 손실될 수 있습니다.
H:\academyA\AcademyClass\제출\CPP09_03_virtualFuncQuiz\Player.cpp(83,68): warning C4244: '인수': 'float'에서 'int'(으)로 변환하면서 데이터가 손실될 수 있습니다.
  Weapon.cpp
H:\academyA\AcademyClass\제출\CPP09_03_virtualFuncQuiz\MapDraw.h(19,17): warning C4838: 'int'에서 'SHORT'(으)로의 변환에는 축소 변환이 필요합니다.
H:\academyA\AcademyClass\제출\CPP09_03_virtualFuncQuiz\MapDraw.h(19,20): warning C4838: 'int'에서 'SHORT'(으)로의 변환에는 축소 변환이 필요합니다.
  코드를 생성하고 있습니다...
  CPP09_03_virtualFuncQuiz.vcxproj -> H:\academyA\AcademyClass\제출\CPP09_03_virtualFuncQuiz\Debug\CPP09_03_virtualFuncQuiz.exe
