  Play.cpp
H:\academyA\AcademyClass\제출\VeniceGameQuiz\VeniceGameQuiz\DrawManager.h(27,17): warning C4838: 'int'에서 'SHORT'(으)로의 변환에는 축소 변환이 필요합니다.
H:\academyA\AcademyClass\제출\VeniceGameQuiz\VeniceGameQuiz\DrawManager.h(27,20): warning C4838: 'int'에서 'SHORT'(으)로의 변환에는 축소 변환이 필요합니다.
H:\academyA\AcademyClass\제출\VeniceGameQuiz\VeniceGameQuiz\Play.h(66,17): warning C4838: 'int'에서 'SHORT'(으)로의 변환에는 축소 변환이 필요합니다.
H:\academyA\AcademyClass\제출\VeniceGameQuiz\VeniceGameQuiz\Play.h(66,20): warning C4838: 'int'에서 'SHORT'(으)로의 변환에는 축소 변환이 필요합니다.
H:\academyA\AcademyClass\제출\VeniceGameQuiz\VeniceGameQuiz\Play.cpp(14,2): warning C4996: 'sprintf': This function or variable may be unsafe. Consider using sprintf_s instead. To disable deprecation, use _CRT_SECURE_NO_WARNINGS. See online help for details.
H:\academyA\AcademyClass\제출\VeniceGameQuiz\VeniceGameQuiz\Play.cpp(23,87): warning C4244: '인수': 'float'에서 'int'(으)로 변환하면서 데이터가 손실될 수 있습니다.
H:\academyA\AcademyClass\제출\VeniceGameQuiz\VeniceGameQuiz\Play.cpp(24,69): warning C4244: '인수': 'float'에서 'int'(으)로 변환하면서 데이터가 손실될 수 있습니다.
H:\academyA\AcademyClass\제출\VeniceGameQuiz\VeniceGameQuiz\Play.cpp(25,70): warning C4244: '인수': 'float'에서 'int'(으)로 변환하면서 데이터가 손실될 수 있습니다.
H:\academyA\AcademyClass\제출\VeniceGameQuiz\VeniceGameQuiz\Play.cpp(26,70): warning C4244: '인수': 'float'에서 'int'(으)로 변환하면서 데이터가 손실될 수 있습니다.
H:\academyA\AcademyClass\제출\VeniceGameQuiz\VeniceGameQuiz\Play.cpp(30,88): warning C4244: '인수': 'float'에서 'int'(으)로 변환하면서 데이터가 손실될 수 있습니다.
H:\academyA\AcademyClass\제출\VeniceGameQuiz\VeniceGameQuiz\Play.cpp(31,70): warning C4244: '인수': 'float'에서 'int'(으)로 변환하면서 데이터가 손실될 수 있습니다.
H:\academyA\AcademyClass\제출\VeniceGameQuiz\VeniceGameQuiz\Play.cpp(32,71): warning C4244: '인수': 'float'에서 'int'(으)로 변환하면서 데이터가 손실될 수 있습니다.
H:\academyA\AcademyClass\제출\VeniceGameQuiz\VeniceGameQuiz\Play.cpp(33,71): warning C4244: '인수': 'float'에서 'int'(으)로 변환하면서 데이터가 손실될 수 있습니다.
H:\academyA\AcademyClass\제출\VeniceGameQuiz\VeniceGameQuiz\Play.cpp(104,7): warning C4996: 'kbhit': The POSIX name for this item is deprecated. Instead, use the ISO C and C++ conformant name: _kbhit. See online help for details.
H:\academyA\AcademyClass\제출\VeniceGameQuiz\VeniceGameQuiz\Play.cpp(106,19): warning C4996: 'getch': The POSIX name for this item is deprecated. Instead, use the ISO C and C++ conformant name: _getch. See online help for details.
H:\academyA\AcademyClass\제출\VeniceGameQuiz\VeniceGameQuiz\Play.cpp(147,76): warning C4244: '인수': 'float'에서 'int'(으)로 변환하면서 데이터가 손실될 수 있습니다.
H:\academyA\AcademyClass\제출\VeniceGameQuiz\VeniceGameQuiz\Play.cpp(149,72): warning C4244: '인수': 'float'에서 'int'(으)로 변환하면서 데이터가 손실될 수 있습니다.
H:\academyA\AcademyClass\제출\VeniceGameQuiz\VeniceGameQuiz\Play.cpp(153,55): warning C4244: '인수': 'float'에서 'int'(으)로 변환하면서 데이터가 손실될 수 있습니다.
H:\academyA\AcademyClass\제출\VeniceGameQuiz\VeniceGameQuiz\Play.cpp(161,75): warning C4244: '인수': 'float'에서 'int'(으)로 변환하면서 데이터가 손실될 수 있습니다.
H:\academyA\AcademyClass\제출\VeniceGameQuiz\VeniceGameQuiz\Play.cpp(174,82): warning C4244: '인수': 'float'에서 'int'(으)로 변환하면서 데이터가 손실될 수 있습니다.
H:\academyA\AcademyClass\제출\VeniceGameQuiz\VeniceGameQuiz\Play.cpp(175,74): warning C4244: '인수': 'float'에서 'int'(으)로 변환하면서 데이터가 손실될 수 있습니다.
H:\academyA\AcademyClass\제출\VeniceGameQuiz\VeniceGameQuiz\Play.cpp(179,83): warning C4244: '인수': 'float'에서 'int'(으)로 변환하면서 데이터가 손실될 수 있습니다.
H:\academyA\AcademyClass\제출\VeniceGameQuiz\VeniceGameQuiz\Play.cpp(180,74): warning C4244: '인수': 'float'에서 'int'(으)로 변환하면서 데이터가 손실될 수 있습니다.
H:\academyA\AcademyClass\제출\VeniceGameQuiz\VeniceGameQuiz\Play.cpp(186,77): warning C4244: '인수': 'float'에서 'int'(으)로 변환하면서 데이터가 손실될 수 있습니다.
H:\academyA\AcademyClass\제출\VeniceGameQuiz\VeniceGameQuiz\Play.cpp(187,71): warning C4244: '인수': 'float'에서 'int'(으)로 변환하면서 데이터가 손실될 수 있습니다.
H:\academyA\AcademyClass\제출\VeniceGameQuiz\VeniceGameQuiz\Play.cpp(155,18): warning C4996: 'getch': The POSIX name for this item is deprecated. Instead, use the ISO C and C++ conformant name: _getch. See online help for details.
H:\academyA\AcademyClass\제출\VeniceGameQuiz\VeniceGameQuiz\Play.cpp(217,61): warning C4244: '인수': 'float'에서 'int'(으)로 변환하면서 데이터가 손실될 수 있습니다.
H:\academyA\AcademyClass\제출\VeniceGameQuiz\VeniceGameQuiz\Play.cpp(219,62): warning C4244: '인수': 'float'에서 'int'(으)로 변환하면서 데이터가 손실될 수 있습니다.
H:\academyA\AcademyClass\제출\VeniceGameQuiz\VeniceGameQuiz\Play.cpp(221,54): warning C4244: '인수': 'float'에서 'int'(으)로 변환하면서 데이터가 손실될 수 있습니다.
H:\academyA\AcademyClass\제출\VeniceGameQuiz\VeniceGameQuiz\Play.cpp(248,22): warning C4018: '<': signed 또는 unsigned가 일치하지 않습니다.
H:\academyA\AcademyClass\제출\VeniceGameQuiz\VeniceGameQuiz\Play.cpp(255,42): warning C4018: '>=': signed 또는 unsigned가 일치하지 않습니다.
H:\academyA\AcademyClass\제출\VeniceGameQuiz\VeniceGameQuiz\Play.cpp(256,42): warning C4018: '<=': signed 또는 unsigned가 일치하지 않습니다.
H:\academyA\AcademyClass\제출\VeniceGameQuiz\VeniceGameQuiz\Play.cpp(261,22): warning C4018: '<': signed 또는 unsigned가 일치하지 않습니다.
H:\academyA\AcademyClass\제출\VeniceGameQuiz\VeniceGameQuiz\Play.cpp(271,40): warning C4018: '>=': signed 또는 unsigned가 일치하지 않습니다.
H:\academyA\AcademyClass\제출\VeniceGameQuiz\VeniceGameQuiz\Play.cpp(271,101): warning C4018: '<=': signed 또는 unsigned가 일치하지 않습니다.
H:\academyA\AcademyClass\제출\VeniceGameQuiz\VeniceGameQuiz\Play.cpp(286,39): warning C4244: '인수': 'float'에서 'int'(으)로 변환하면서 데이터가 손실될 수 있습니다.
H:\academyA\AcademyClass\제출\VeniceGameQuiz\VeniceGameQuiz\Play.cpp(294,75): warning C4244: '인수': 'float'에서 'int'(으)로 변환하면서 데이터가 손실될 수 있습니다.
H:\academyA\AcademyClass\제출\VeniceGameQuiz\VeniceGameQuiz\Play.cpp(304,81): warning C4244: '인수': 'float'에서 'int'(으)로 변환하면서 데이터가 손실될 수 있습니다.
H:\academyA\AcademyClass\제출\VeniceGameQuiz\VeniceGameQuiz\Play.cpp(305,74): warning C4244: '인수': 'float'에서 'int'(으)로 변환하면서 데이터가 손실될 수 있습니다.
H:\academyA\AcademyClass\제출\VeniceGameQuiz\VeniceGameQuiz\Play.cpp(309,82): warning C4244: '인수': 'float'에서 'int'(으)로 변환하면서 데이터가 손실될 수 있습니다.
H:\academyA\AcademyClass\제출\VeniceGameQuiz\VeniceGameQuiz\Play.cpp(310,74): warning C4244: '인수': 'float'에서 'int'(으)로 변환하면서 데이터가 손실될 수 있습니다.
H:\academyA\AcademyClass\제출\VeniceGameQuiz\VeniceGameQuiz\Play.cpp(287,17): warning C4996: 'getch': The POSIX name for this item is deprecated. Instead, use the ISO C and C++ conformant name: _getch. See online help for details.
H:\academyA\AcademyClass\제출\VeniceGameQuiz\VeniceGameQuiz\Play.cpp(321,51): warning C4244: '인수': 'float'에서 'int'(으)로 변환하면서 데이터가 손실될 수 있습니다.
H:\academyA\AcademyClass\제출\VeniceGameQuiz\VeniceGameQuiz\Play.cpp(322,70): warning C4244: '인수': 'float'에서 'int'(으)로 변환하면서 데이터가 손실될 수 있습니다.
H:\academyA\AcademyClass\제출\VeniceGameQuiz\VeniceGameQuiz\Play.cpp(341,12): warning C4244: '인수': 'time_t'에서 'unsigned int'(으)로 변환하면서 데이터가 손실될 수 있습니다.
H:\academyA\AcademyClass\제출\VeniceGameQuiz\VeniceGameQuiz\Play.cpp(346,104): warning C4244: '인수': 'float'에서 'int'(으)로 변환하면서 데이터가 손실될 수 있습니다.
  VeniceGameQuiz.vcxproj -> H:\academyA\AcademyClass\제출\VeniceGameQuiz\Debug\VeniceGameQuiz.exe
