  Character.cpp
H:\academyA\AcademyClass\제출\CPP09_03_virtualFuncQuiz\MapDraw.h(19,17): warning C4838: 'int'에서 'SHORT'(으)로의 변환에는 축소 변환이 필요합니다.
H:\academyA\AcademyClass\제출\CPP09_03_virtualFuncQuiz\MapDraw.h(19,20): warning C4838: 'int'에서 'SHORT'(으)로의 변환에는 축소 변환이 필요합니다.
H:\academyA\AcademyClass\제출\CPP09_03_virtualFuncQuiz\Character.cpp(26,58): warning C4244: '인수': 'float'에서 'int'(으)로 변환하면서 데이터가 손실될 수 있습니다.
  GameManager.cpp
H:\academyA\AcademyClass\제출\CPP09_03_virtualFuncQuiz\MapDraw.h(19,17): warning C4838: 'int'에서 'SHORT'(으)로의 변환에는 축소 변환이 필요합니다.
H:\academyA\AcademyClass\제출\CPP09_03_virtualFuncQuiz\MapDraw.h(19,20): warning C4838: 'int'에서 'SHORT'(으)로의 변환에는 축소 변환이 필요합니다.
H:\academyA\AcademyClass\제출\CPP09_03_virtualFuncQuiz\GameManager.cpp(8,2): warning C4996: 'sprintf': This function or variable may be unsafe. Consider using sprintf_s instead. To disable deprecation, use _CRT_SECURE_NO_WARNINGS. See online help for details.
H:\academyA\AcademyClass\제출\CPP09_03_virtualFuncQuiz\GameManager.cpp(17,64): warning C4244: '인수': 'float'에서 'int'(으)로 변환하면서 데이터가 손실될 수 있습니다.
H:\academyA\AcademyClass\제출\CPP09_03_virtualFuncQuiz\GameManager.cpp(18,53): warning C4244: '인수': 'float'에서 'int'(으)로 변환하면서 데이터가 손실될 수 있습니다.
H:\academyA\AcademyClass\제출\CPP09_03_virtualFuncQuiz\GameManager.cpp(19,53): warning C4244: '인수': 'float'에서 'int'(으)로 변환하면서 데이터가 손실될 수 있습니다.
H:\academyA\AcademyClass\제출\CPP09_03_virtualFuncQuiz\GameManager.cpp(20,53): warning C4244: '인수': 'float'에서 'int'(으)로 변환하면서 데이터가 손실될 수 있습니다.
H:\academyA\AcademyClass\제출\CPP09_03_virtualFuncQuiz\GameManager.cpp(32,67): warning C4244: '인수': 'float'에서 'int'(으)로 변환하면서 데이터가 손실될 수 있습니다.
H:\academyA\AcademyClass\제출\CPP09_03_virtualFuncQuiz\GameManager.cpp(66,62): warning C4244: '인수': 'double'에서 'int'(으)로 변환하면서 데이터가 손실될 수 있습니다.
H:\academyA\AcademyClass\제출\CPP09_03_virtualFuncQuiz\GameManager.cpp(67,57): warning C4244: '인수': 'float'에서 'int'(으)로 변환하면서 데이터가 손실될 수 있습니다.
H:\academyA\AcademyClass\제출\CPP09_03_virtualFuncQuiz\GameManager.cpp(68,62): warning C4244: '인수': 'float'에서 'int'(으)로 변환하면서 데이터가 손실될 수 있습니다.
H:\academyA\AcademyClass\제출\CPP09_03_virtualFuncQuiz\GameManager.cpp(69,63): warning C4244: '인수': 'float'에서 'int'(으)로 변환하면서 데이터가 손실될 수 있습니다.
H:\academyA\AcademyClass\제출\CPP09_03_virtualFuncQuiz\GameManager.cpp(70,62): warning C4244: '인수': 'float'에서 'int'(으)로 변환하면서 데이터가 손실될 수 있습니다.
H:\academyA\AcademyClass\제출\CPP09_03_virtualFuncQuiz\GameManager.cpp(71,55): warning C4244: '인수': 'float'에서 'int'(으)로 변환하면서 데이터가 손실될 수 있습니다.
H:\academyA\AcademyClass\제출\CPP09_03_virtualFuncQuiz\GameManager.cpp(72,55): warning C4244: '인수': 'float'에서 'int'(으)로 변환하면서 데이터가 손실될 수 있습니다.
H:\academyA\AcademyClass\제출\CPP09_03_virtualFuncQuiz\GameManager.cpp(89,2): warning C4996: 'getch': The POSIX name for this item is deprecated. Instead, use the ISO C and C++ conformant name: _getch. See online help for details.
H:\academyA\AcademyClass\제출\CPP09_03_virtualFuncQuiz\GameManager.cpp(95,71): warning C4244: '인수': 'float'에서 'int'(으)로 변환하면서 데이터가 손실될 수 있습니다.
H:\academyA\AcademyClass\제출\CPP09_03_virtualFuncQuiz\GameManager.cpp(101,61): warning C4244: '인수': 'float'에서 'int'(으)로 변환하면서 데이터가 손실될 수 있습니다.
H:\academyA\AcademyClass\제출\CPP09_03_virtualFuncQuiz\GameManager.cpp(103,67): warning C4244: '인수': 'float'에서 'int'(으)로 변환하면서 데이터가 손실될 수 있습니다.
H:\academyA\AcademyClass\제출\CPP09_03_virtualFuncQuiz\GameManager.cpp(111,53): warning C4244: '인수': 'float'에서 'int'(으)로 변환하면서 데이터가 손실될 수 있습니다.
H:\academyA\AcademyClass\제출\CPP09_03_virtualFuncQuiz\GameManager.cpp(112,53): warning C4244: '인수': 'float'에서 'int'(으)로 변환하면서 데이터가 손실될 수 있습니다.
H:\academyA\AcademyClass\제출\CPP09_03_virtualFuncQuiz\GameManager.cpp(118,56): warning C4244: '인수': 'float'에서 'int'(으)로 변환하면서 데이터가 손실될 수 있습니다.
H:\academyA\AcademyClass\제출\CPP09_03_virtualFuncQuiz\GameManager.cpp(119,56): warning C4244: '인수': 'float'에서 'int'(으)로 변환하면서 데이터가 손실될 수 있습니다.
H:\academyA\AcademyClass\제출\CPP09_03_virtualFuncQuiz\GameManager.cpp(125,56): warning C4244: '인수': 'float'에서 'int'(으)로 변환하면서 데이터가 손실될 수 있습니다.
H:\academyA\AcademyClass\제출\CPP09_03_virtualFuncQuiz\GameManager.cpp(126,56): warning C4244: '인수': 'float'에서 'int'(으)로 변환하면서 데이터가 손실될 수 있습니다.
H:\academyA\AcademyClass\제출\CPP09_03_virtualFuncQuiz\GameManager.cpp(136,67): warning C4244: '인수': 'float'에서 'int'(으)로 변환하면서 데이터가 손실될 수 있습니다.
H:\academyA\AcademyClass\제출\CPP09_03_virtualFuncQuiz\GameManager.cpp(137,149): warning C4244: '인수': 'float'에서 'int'(으)로 변환하면서 데이터가 손실될 수 있습니다.
H:\academyA\AcademyClass\제출\CPP09_03_virtualFuncQuiz\GameManager.cpp(141,54): warning C4244: '인수': 'float'에서 'int'(으)로 변환하면서 데이터가 손실될 수 있습니다.
H:\academyA\AcademyClass\제출\CPP09_03_virtualFuncQuiz\GameManager.cpp(140,3): warning C4996: 'getch': The POSIX name for this item is deprecated. Instead, use the ISO C and C++ conformant name: _getch. See online help for details.
H:\academyA\AcademyClass\제출\CPP09_03_virtualFuncQuiz\GameManager.cpp(150,3): warning C4996: 'getch': The POSIX name for this item is deprecated. Instead, use the ISO C and C++ conformant name: _getch. See online help for details.
H:\academyA\AcademyClass\제출\CPP09_03_virtualFuncQuiz\GameManager.cpp(157,3): warning C4996: 'getch': The POSIX name for this item is deprecated. Instead, use the ISO C and C++ conformant name: _getch. See online help for details.
H:\academyA\AcademyClass\제출\CPP09_03_virtualFuncQuiz\GameManager.cpp(173,87): warning C4244: '인수': 'float'에서 'int'(으)로 변환하면서 데이터가 손실될 수 있습니다.
H:\academyA\AcademyClass\제출\CPP09_03_virtualFuncQuiz\GameManager.cpp(174,93): warning C4244: '인수': 'float'에서 'int'(으)로 변환하면서 데이터가 손실될 수 있습니다.
H:\academyA\AcademyClass\제출\CPP09_03_virtualFuncQuiz\GameManager.cpp(175,92): warning C4244: '인수': 'float'에서 'int'(으)로 변환하면서 데이터가 손실될 수 있습니다.
H:\academyA\AcademyClass\제출\CPP09_03_virtualFuncQuiz\GameManager.cpp(184,20): warning C4018: '<': signed 또는 unsigned가 일치하지 않습니다.
H:\academyA\AcademyClass\제출\CPP09_03_virtualFuncQuiz\GameManager.cpp(192,49): warning C4244: '인수': 'float'에서 'int'(으)로 변환하면서 데이터가 손실될 수 있습니다.
H:\academyA\AcademyClass\제출\CPP09_03_virtualFuncQuiz\GameManager.cpp(193,77): warning C4244: '인수': 'float'에서 'int'(으)로 변환하면서 데이터가 손실될 수 있습니다.
H:\academyA\AcademyClass\제출\CPP09_03_virtualFuncQuiz\GameManager.cpp(199,16): warning C4996: 'getch': The POSIX name for this item is deprecated. Instead, use the ISO C and C++ conformant name: _getch. See online help for details.
H:\academyA\AcademyClass\제출\CPP09_03_virtualFuncQuiz\GameManager.cpp(226,2): warning C4996: 'getch': The POSIX name for this item is deprecated. Instead, use the ISO C and C++ conformant name: _getch. See online help for details.
H:\academyA\AcademyClass\제출\CPP09_03_virtualFuncQuiz\GameManager.cpp(242,4): warning C4996: 'getch': The POSIX name for this item is deprecated. Instead, use the ISO C and C++ conformant name: _getch. See online help for details.
H:\academyA\AcademyClass\제출\CPP09_03_virtualFuncQuiz\GameManager.cpp(252,19): warning C4018: '<': signed 또는 unsigned가 일치하지 않습니다.
H:\academyA\AcademyClass\제출\CPP09_03_virtualFuncQuiz\GameManager.cpp(274,58): warning C4244: '인수': 'float'에서 'int'(으)로 변환하면서 데이터가 손실될 수 있습니다.
H:\academyA\AcademyClass\제출\CPP09_03_virtualFuncQuiz\GameManager.cpp(275,68): warning C4244: '인수': 'float'에서 'int'(으)로 변환하면서 데이터가 손실될 수 있습니다.
H:\academyA\AcademyClass\제출\CPP09_03_virtualFuncQuiz\GameManager.cpp(276,68): warning C4244: '인수': 'float'에서 'int'(으)로 변환하면서 데이터가 손실될 수 있습니다.
H:\academyA\AcademyClass\제출\CPP09_03_virtualFuncQuiz\GameManager.cpp(277,61): warning C4244: '인수': 'float'에서 'int'(으)로 변환하면서 데이터가 손실될 수 있습니다.
H:\academyA\AcademyClass\제출\CPP09_03_virtualFuncQuiz\GameManager.cpp(279,79): warning C4244: '인수': 'float'에서 'int'(으)로 변환하면서 데이터가 손실될 수 있습니다.
H:\academyA\AcademyClass\제출\CPP09_03_virtualFuncQuiz\GameManager.cpp(335,20): warning C4244: '초기화 중': 'float'에서 'int'(으)로 변환하면서 데이터가 손실될 수 있습니다.
H:\academyA\AcademyClass\제출\CPP09_03_virtualFuncQuiz\GameManager.cpp(337,68): warning C4244: '인수': 'float'에서 'int'(으)로 변환하면서 데이터가 손실될 수 있습니다.
H:\academyA\AcademyClass\제출\CPP09_03_virtualFuncQuiz\GameManager.cpp(338,60): warning C4244: '인수': 'float'에서 'int'(으)로 변환하면서 데이터가 손실될 수 있습니다.
H:\academyA\AcademyClass\제출\CPP09_03_virtualFuncQuiz\GameManager.cpp(339,60): warning C4244: '인수': 'float'에서 'int'(으)로 변환하면서 데이터가 손실될 수 있습니다.
H:\academyA\AcademyClass\제출\CPP09_03_virtualFuncQuiz\GameManager.cpp(340,60): warning C4244: '인수': 'float'에서 'int'(으)로 변환하면서 데이터가 손실될 수 있습니다.
H:\academyA\AcademyClass\제출\CPP09_03_virtualFuncQuiz\GameManager.cpp(341,60): warning C4244: '인수': 'float'에서 'int'(으)로 변환하면서 데이터가 손실될 수 있습니다.
H:\academyA\AcademyClass\제출\CPP09_03_virtualFuncQuiz\GameManager.cpp(342,60): warning C4244: '인수': 'float'에서 'int'(으)로 변환하면서 데이터가 손실될 수 있습니다.
H:\academyA\AcademyClass\제출\CPP09_03_virtualFuncQuiz\GameManager.cpp(343,60): warning C4244: '인수': 'float'에서 'int'(으)로 변환하면서 데이터가 손실될 수 있습니다.
H:\academyA\AcademyClass\제출\CPP09_03_virtualFuncQuiz\GameManager.cpp(344,64): warning C4244: '인수': 'float'에서 'int'(으)로 변환하면서 데이터가 손실될 수 있습니다.
H:\academyA\AcademyClass\제출\CPP09_03_virtualFuncQuiz\GameManager.cpp(366,19): warning C4244: '초기화 중': 'float'에서 'int'(으)로 변환하면서 데이터가 손실될 수 있습니다.
H:\academyA\AcademyClass\제출\CPP09_03_virtualFuncQuiz\GameManager.cpp(417,14): warning C4244: '초기화 중': 'float'에서 'int'(으)로 변환하면서 데이터가 손실될 수 있습니다.
H:\academyA\AcademyClass\제출\CPP09_03_virtualFuncQuiz\GameManager.cpp(435,116): warning C4244: '인수': 'float'에서 'int'(으)로 변환하면서 데이터가 손실될 수 있습니다.
H:\academyA\AcademyClass\제출\CPP09_03_virtualFuncQuiz\GameManager.cpp(437,81): warning C4244: '인수': 'float'에서 'int'(으)로 변환하면서 데이터가 손실될 수 있습니다.
H:\academyA\AcademyClass\제출\CPP09_03_virtualFuncQuiz\GameManager.cpp(449,18): warning C4244: '초기화 중': 'float'에서 'int'(으)로 변환하면서 데이터가 손실될 수 있습니다.
H:\academyA\AcademyClass\제출\CPP09_03_virtualFuncQuiz\GameManager.cpp(478,58): warning C4244: '인수': 'float'에서 'int'(으)로 변환하면서 데이터가 손실될 수 있습니다.
H:\academyA\AcademyClass\제출\CPP09_03_virtualFuncQuiz\GameManager.cpp(479,5): warning C4996: 'getch': The POSIX name for this item is deprecated. Instead, use the ISO C and C++ conformant name: _getch. See online help for details.
H:\academyA\AcademyClass\제출\CPP09_03_virtualFuncQuiz\GameManager.cpp(548,56): warning C4244: '인수': 'float'에서 'int'(으)로 변환하면서 데이터가 손실될 수 있습니다.
H:\academyA\AcademyClass\제출\CPP09_03_virtualFuncQuiz\GameManager.cpp(568,75): warning C4244: '인수': 'float'에서 'int'(으)로 변환하면서 데이터가 손실될 수 있습니다.
H:\academyA\AcademyClass\제출\CPP09_03_virtualFuncQuiz\GameManager.cpp(569,2): warning C4996: 'getch': The POSIX name for this item is deprecated. Instead, use the ISO C and C++ conformant name: _getch. See online help for details.
H:\academyA\AcademyClass\제출\CPP09_03_virtualFuncQuiz\GameManager.cpp(581,56): warning C4244: '인수': 'float'에서 'int'(으)로 변환하면서 데이터가 손실될 수 있습니다.
H:\academyA\AcademyClass\제출\CPP09_03_virtualFuncQuiz\GameManager.cpp(582,3): warning C4996: 'getch': The POSIX name for this item is deprecated. Instead, use the ISO C and C++ conformant name: _getch. See online help for details.
H:\academyA\AcademyClass\제출\CPP09_03_virtualFuncQuiz\GameManager.cpp(590,15): warning C4244: '초기화 중': 'float'에서 'int'(으)로 변환하면서 데이터가 손실될 수 있습니다.
  MapDraw.cpp
H:\academyA\AcademyClass\제출\CPP09_03_virtualFuncQuiz\MapDraw.h(19,17): warning C4838: 'int'에서 'SHORT'(으)로의 변환에는 축소 변환이 필요합니다.
H:\academyA\AcademyClass\제출\CPP09_03_virtualFuncQuiz\MapDraw.h(19,20): warning C4838: 'int'에서 'SHORT'(으)로의 변환에는 축소 변환이 필요합니다.
H:\academyA\AcademyClass\제출\CPP09_03_virtualFuncQuiz\MapDraw.cpp(26,8): warning C4018: '>': signed 또는 unsigned가 일치하지 않습니다.
H:\academyA\AcademyClass\제출\CPP09_03_virtualFuncQuiz\MapDraw.cpp(90,12): warning C4996: 'getch': The POSIX name for this item is deprecated. Instead, use the ISO C and C++ conformant name: _getch. See online help for details.
  Monster.cpp
H:\academyA\AcademyClass\제출\CPP09_03_virtualFuncQuiz\MapDraw.h(19,17): warning C4838: 'int'에서 'SHORT'(으)로의 변환에는 축소 변환이 필요합니다.
H:\academyA\AcademyClass\제출\CPP09_03_virtualFuncQuiz\MapDraw.h(19,20): warning C4838: 'int'에서 'SHORT'(으)로의 변환에는 축소 변환이 필요합니다.
H:\academyA\AcademyClass\제출\CPP09_03_virtualFuncQuiz\Monster.cpp(48,56): warning C4244: '인수': 'float'에서 'int'(으)로 변환하면서 데이터가 손실될 수 있습니다.
H:\academyA\AcademyClass\제출\CPP09_03_virtualFuncQuiz\Monster.cpp(49,65): warning C4244: '인수': 'float'에서 'int'(으)로 변환하면서 데이터가 손실될 수 있습니다.
H:\academyA\AcademyClass\제출\CPP09_03_virtualFuncQuiz\Monster.cpp(51,65): warning C4244: '인수': 'float'에서 'int'(으)로 변환하면서 데이터가 손실될 수 있습니다.
H:\academyA\AcademyClass\제출\CPP09_03_virtualFuncQuiz\Monster.cpp(53,65): warning C4244: '인수': 'float'에서 'int'(으)로 변환하면서 데이터가 손실될 수 있습니다.
H:\academyA\AcademyClass\제출\CPP09_03_virtualFuncQuiz\Monster.cpp(55,62): warning C4244: '인수': 'float'에서 'int'(으)로 변환하면서 데이터가 손실될 수 있습니다.
H:\academyA\AcademyClass\제출\CPP09_03_virtualFuncQuiz\Monster.cpp(57,60): warning C4244: '인수': 'float'에서 'int'(으)로 변환하면서 데이터가 손실될 수 있습니다.
  Player.cpp
H:\academyA\AcademyClass\제출\CPP09_03_virtualFuncQuiz\MapDraw.h(19,17): warning C4838: 'int'에서 'SHORT'(으)로의 변환에는 축소 변환이 필요합니다.
H:\academyA\AcademyClass\제출\CPP09_03_virtualFuncQuiz\MapDraw.h(19,20): warning C4838: 'int'에서 'SHORT'(으)로의 변환에는 축소 변환이 필요합니다.
H:\academyA\AcademyClass\제출\CPP09_03_virtualFuncQuiz\Player.cpp(53,56): warning C4244: '인수': 'float'에서 'int'(으)로 변환하면서 데이터가 손실될 수 있습니다.
H:\academyA\AcademyClass\제출\CPP09_03_virtualFuncQuiz\Player.cpp(54,65): warning C4244: '인수': 'float'에서 'int'(으)로 변환하면서 데이터가 손실될 수 있습니다.
H:\academyA\AcademyClass\제출\CPP09_03_virtualFuncQuiz\Player.cpp(56,65): warning C4244: '인수': 'float'에서 'int'(으)로 변환하면서 데이터가 손실될 수 있습니다.
H:\academyA\AcademyClass\제출\CPP09_03_virtualFuncQuiz\Player.cpp(58,65): warning C4244: '인수': 'float'에서 'int'(으)로 변환하면서 데이터가 손실될 수 있습니다.
H:\academyA\AcademyClass\제출\CPP09_03_virtualFuncQuiz\Player.cpp(60,62): warning C4244: '인수': 'float'에서 'int'(으)로 변환하면서 데이터가 손실될 수 있습니다.
H:\academyA\AcademyClass\제출\CPP09_03_virtualFuncQuiz\Player.cpp(62,60): warning C4244: '인수': 'float'에서 'int'(으)로 변환하면서 데이터가 손실될 수 있습니다.
H:\academyA\AcademyClass\제출\CPP09_03_virtualFuncQuiz\Player.cpp(67,210): warning C4244: '인수': 'float'에서 'int'(으)로 변환하면서 데이터가 손실될 수 있습니다.
H:\academyA\AcademyClass\제출\CPP09_03_virtualFuncQuiz\Player.cpp(92,68): warning C4244: '인수': 'float'에서 'int'(으)로 변환하면서 데이터가 손실될 수 있습니다.
  Weapon.cpp
H:\academyA\AcademyClass\제출\CPP09_03_virtualFuncQuiz\MapDraw.h(19,17): warning C4838: 'int'에서 'SHORT'(으)로의 변환에는 축소 변환이 필요합니다.
H:\academyA\AcademyClass\제출\CPP09_03_virtualFuncQuiz\MapDraw.h(19,20): warning C4838: 'int'에서 'SHORT'(으)로의 변환에는 축소 변환이 필요합니다.
  mainRPG.cpp
H:\academyA\AcademyClass\제출\CPP09_03_virtualFuncQuiz\MapDraw.h(19,17): warning C4838: 'int'에서 'SHORT'(으)로의 변환에는 축소 변환이 필요합니다.
H:\academyA\AcademyClass\제출\CPP09_03_virtualFuncQuiz\MapDraw.h(19,20): warning C4838: 'int'에서 'SHORT'(으)로의 변환에는 축소 변환이 필요합니다.
H:\academyA\AcademyClass\제출\CPP09_03_virtualFuncQuiz\mainRPG.cpp(11,1): warning C4326: 'main'의 반환 형식이 'int'이어야 하는데 'void'입니다.
  코드를 생성하고 있습니다...
  CPP09_03_virtualFuncQuiz.vcxproj -> H:\academyA\AcademyClass\제출\CPP09_03_virtualFuncQuiz\Debug\CPP09_03_virtualFuncQuiz.exe
