  GameOverView.cpp
H:\academyA\AcademyClass\제출\quiz_design_pattern__abstract_factory__factory_method\quiz_design_pattern__abstract_factory__factory_method\DrawManager.h(17,17): warning C4838: 'int'에서 'SHORT'(으)로의 변환에는 축소 변환이 필요합니다.
H:\academyA\AcademyClass\제출\quiz_design_pattern__abstract_factory__factory_method\quiz_design_pattern__abstract_factory__factory_method\DrawManager.h(17,20): warning C4838: 'int'에서 'SHORT'(으)로의 변환에는 축소 변환이 필요합니다.
H:\academyA\AcademyClass\제출\quiz_design_pattern__abstract_factory__factory_method\quiz_design_pattern__abstract_factory__factory_method\GameOverView.cpp(5,88): warning C4244: '인수': 'float'에서 'int'(으)로 변환하면서 데이터가 손실될 수 있습니다.
H:\academyA\AcademyClass\제출\quiz_design_pattern__abstract_factory__factory_method\quiz_design_pattern__abstract_factory__factory_method\GameOverView.cpp(6,74): warning C4244: '인수': 'float'에서 'int'(으)로 변환하면서 데이터가 손실될 수 있습니다.
  LobyView.cpp
H:\academyA\AcademyClass\제출\quiz_design_pattern__abstract_factory__factory_method\quiz_design_pattern__abstract_factory__factory_method\DrawManager.h(17,17): warning C4838: 'int'에서 'SHORT'(으)로의 변환에는 축소 변환이 필요합니다.
H:\academyA\AcademyClass\제출\quiz_design_pattern__abstract_factory__factory_method\quiz_design_pattern__abstract_factory__factory_method\DrawManager.h(17,20): warning C4838: 'int'에서 'SHORT'(으)로의 변환에는 축소 변환이 필요합니다.
H:\academyA\AcademyClass\제출\quiz_design_pattern__abstract_factory__factory_method\quiz_design_pattern__abstract_factory__factory_method\LobyView.cpp(6,89): warning C4244: '인수': 'float'에서 'int'(으)로 변환하면서 데이터가 손실될 수 있습니다.
H:\academyA\AcademyClass\제출\quiz_design_pattern__abstract_factory__factory_method\quiz_design_pattern__abstract_factory__factory_method\LobyView.cpp(7,71): warning C4244: '인수': 'float'에서 'int'(으)로 변환하면서 데이터가 손실될 수 있습니다.
H:\academyA\AcademyClass\제출\quiz_design_pattern__abstract_factory__factory_method\quiz_design_pattern__abstract_factory__factory_method\LobyView.cpp(8,71): warning C4244: '인수': 'float'에서 'int'(으)로 변환하면서 데이터가 손실될 수 있습니다.
H:\academyA\AcademyClass\제출\quiz_design_pattern__abstract_factory__factory_method\quiz_design_pattern__abstract_factory__factory_method\LobyView.cpp(9,64): warning C4244: '인수': 'float'에서 'int'(으)로 변환하면서 데이터가 손실될 수 있습니다.
  PlayView.cpp
H:\academyA\AcademyClass\제출\quiz_design_pattern__abstract_factory__factory_method\quiz_design_pattern__abstract_factory__factory_method\DrawManager.h(17,17): warning C4838: 'int'에서 'SHORT'(으)로의 변환에는 축소 변환이 필요합니다.
H:\academyA\AcademyClass\제출\quiz_design_pattern__abstract_factory__factory_method\quiz_design_pattern__abstract_factory__factory_method\DrawManager.h(17,20): warning C4838: 'int'에서 'SHORT'(으)로의 변환에는 축소 변환이 필요합니다.
  Snake.cpp
H:\academyA\AcademyClass\제출\quiz_design_pattern__abstract_factory__factory_method\quiz_design_pattern__abstract_factory__factory_method\DrawManager.h(17,17): warning C4838: 'int'에서 'SHORT'(으)로의 변환에는 축소 변환이 필요합니다.
H:\academyA\AcademyClass\제출\quiz_design_pattern__abstract_factory__factory_method\quiz_design_pattern__abstract_factory__factory_method\DrawManager.h(17,20): warning C4838: 'int'에서 'SHORT'(으)로의 변환에는 축소 변환이 필요합니다.
H:\academyA\AcademyClass\제출\quiz_design_pattern__abstract_factory__factory_method\quiz_design_pattern__abstract_factory__factory_method\Block.h(10,2): warning C4091: 'typedef ': 변수를 선언하지 않으면 'BlockPos' 왼쪽은 무시됩니다.
H:\academyA\AcademyClass\제출\quiz_design_pattern__abstract_factory__factory_method\quiz_design_pattern__abstract_factory__factory_method\Snake.cpp(23,20): warning C4018: '<': signed 또는 unsigned가 일치하지 않습니다.
  SnakeGameManager.cpp
H:\academyA\AcademyClass\제출\quiz_design_pattern__abstract_factory__factory_method\quiz_design_pattern__abstract_factory__factory_method\DrawManager.h(17,17): warning C4838: 'int'에서 'SHORT'(으)로의 변환에는 축소 변환이 필요합니다.
H:\academyA\AcademyClass\제출\quiz_design_pattern__abstract_factory__factory_method\quiz_design_pattern__abstract_factory__factory_method\DrawManager.h(17,20): warning C4838: 'int'에서 'SHORT'(으)로의 변환에는 축소 변환이 필요합니다.
H:\academyA\AcademyClass\제출\quiz_design_pattern__abstract_factory__factory_method\quiz_design_pattern__abstract_factory__factory_method\Block.h(10,2): warning C4091: 'typedef ': 변수를 선언하지 않으면 'BlockPos' 왼쪽은 무시됩니다.
H:\academyA\AcademyClass\제출\quiz_design_pattern__abstract_factory__factory_method\quiz_design_pattern__abstract_factory__factory_method\SnakeGameManager.h(66,17): warning C4838: 'int'에서 'SHORT'(으)로의 변환에는 축소 변환이 필요합니다.
H:\academyA\AcademyClass\제출\quiz_design_pattern__abstract_factory__factory_method\quiz_design_pattern__abstract_factory__factory_method\SnakeGameManager.h(66,20): warning C4838: 'int'에서 'SHORT'(으)로의 변환에는 축소 변환이 필요합니다.
H:\academyA\AcademyClass\제출\quiz_design_pattern__abstract_factory__factory_method\quiz_design_pattern__abstract_factory__factory_method\SnakeGameManager.cpp(20,2): warning C4996: 'sprintf': This function or variable may be unsafe. Consider using sprintf_s instead. To disable deprecation, use _CRT_SECURE_NO_WARNINGS. See online help for details.
H:\academyA\AcademyClass\제출\quiz_design_pattern__abstract_factory__factory_method\quiz_design_pattern__abstract_factory__factory_method\SnakeGameManager.cpp(26,6): warning C4996: 'kbhit': The POSIX name for this item is deprecated. Instead, use the ISO C and C++ conformant name: _kbhit. See online help for details.
H:\academyA\AcademyClass\제출\quiz_design_pattern__abstract_factory__factory_method\quiz_design_pattern__abstract_factory__factory_method\SnakeGameManager.cpp(28,14): warning C4996: 'getch': The POSIX name for this item is deprecated. Instead, use the ISO C and C++ conformant name: _getch. See online help for details.
H:\academyA\AcademyClass\제출\quiz_design_pattern__abstract_factory__factory_method\quiz_design_pattern__abstract_factory__factory_method\SnakeGameManager.cpp(180,19): warning C4996: 'getch': The POSIX name for this item is deprecated. Instead, use the ISO C and C++ conformant name: _getch. See online help for details.
  ViewFactoryMethod.cpp
H:\academyA\AcademyClass\제출\quiz_design_pattern__abstract_factory__factory_method\quiz_design_pattern__abstract_factory__factory_method\DrawManager.h(17,17): warning C4838: 'int'에서 'SHORT'(으)로의 변환에는 축소 변환이 필요합니다.
H:\academyA\AcademyClass\제출\quiz_design_pattern__abstract_factory__factory_method\quiz_design_pattern__abstract_factory__factory_method\DrawManager.h(17,20): warning C4838: 'int'에서 'SHORT'(으)로의 변환에는 축소 변환이 필요합니다.
  main_snake_game.cpp
H:\academyA\AcademyClass\제출\quiz_design_pattern__abstract_factory__factory_method\quiz_design_pattern__abstract_factory__factory_method\DrawManager.h(17,17): warning C4838: 'int'에서 'SHORT'(으)로의 변환에는 축소 변환이 필요합니다.
H:\academyA\AcademyClass\제출\quiz_design_pattern__abstract_factory__factory_method\quiz_design_pattern__abstract_factory__factory_method\DrawManager.h(17,20): warning C4838: 'int'에서 'SHORT'(으)로의 변환에는 축소 변환이 필요합니다.
H:\academyA\AcademyClass\제출\quiz_design_pattern__abstract_factory__factory_method\quiz_design_pattern__abstract_factory__factory_method\Block.h(10,2): warning C4091: 'typedef ': 변수를 선언하지 않으면 'BlockPos' 왼쪽은 무시됩니다.
H:\academyA\AcademyClass\제출\quiz_design_pattern__abstract_factory__factory_method\quiz_design_pattern__abstract_factory__factory_method\SnakeGameManager.h(66,17): warning C4838: 'int'에서 'SHORT'(으)로의 변환에는 축소 변환이 필요합니다.
H:\academyA\AcademyClass\제출\quiz_design_pattern__abstract_factory__factory_method\quiz_design_pattern__abstract_factory__factory_method\SnakeGameManager.h(66,20): warning C4838: 'int'에서 'SHORT'(으)로의 변환에는 축소 변환이 필요합니다.
H:\academyA\AcademyClass\제출\quiz_design_pattern__abstract_factory__factory_method\quiz_design_pattern__abstract_factory__factory_method\main_snake_game.cpp(4,1): warning C4326: 'main'의 반환 형식이 'int'이어야 하는데 'void'입니다.
  코드를 생성하고 있습니다...
  quiz_design_pattern__abstract_factory__factory_method.vcxproj -> H:\academyA\AcademyClass\제출\quiz_design_pattern__abstract_factory__factory_method\Debug\quiz_design_pattern__abstract_factory__factory_method.exe
