  GameManager.cpp
d:\studentresorces\7시반\academyclass\cpp09_03_virtualfuncquiz\mapdraw.h(19): warning C4838: 'int'에서 'SHORT'(으)로의 변환에는 축소 변환이 필요합니다.
d:\studentresorces\7시반\academyclass\cpp09_03_virtualfuncquiz\gamemanager.cpp(8): error C4996: 'sprintf': This function or variable may be unsafe. Consider using sprintf_s instead. To disable deprecation, use _CRT_SECURE_NO_WARNINGS. See online help for details.
  c:\program files (x86)\windows kits\10\include\10.0.18362.0\ucrt\stdio.h(1774): note: 'sprintf' 선언을 참조하십시오.
d:\studentresorces\7시반\academyclass\cpp09_03_virtualfuncquiz\gamemanager.cpp(17): warning C4244: '인수': 'float'에서 'int'(으)로 변환하면서 데이터가 손실될 수 있습니다.
d:\studentresorces\7시반\academyclass\cpp09_03_virtualfuncquiz\gamemanager.cpp(18): warning C4244: '인수': 'float'에서 'int'(으)로 변환하면서 데이터가 손실될 수 있습니다.
d:\studentresorces\7시반\academyclass\cpp09_03_virtualfuncquiz\gamemanager.cpp(19): warning C4244: '인수': 'float'에서 'int'(으)로 변환하면서 데이터가 손실될 수 있습니다.
d:\studentresorces\7시반\academyclass\cpp09_03_virtualfuncquiz\gamemanager.cpp(20): warning C4244: '인수': 'float'에서 'int'(으)로 변환하면서 데이터가 손실될 수 있습니다.
d:\studentresorces\7시반\academyclass\cpp09_03_virtualfuncquiz\gamemanager.cpp(38): warning C4244: '인수': 'float'에서 'int'(으)로 변환하면서 데이터가 손실될 수 있습니다.
d:\studentresorces\7시반\academyclass\cpp09_03_virtualfuncquiz\gamemanager.cpp(67): warning C4244: '인수': 'double'에서 'int'(으)로 변환하면서 데이터가 손실될 수 있습니다.
d:\studentresorces\7시반\academyclass\cpp09_03_virtualfuncquiz\gamemanager.cpp(68): warning C4244: '인수': 'float'에서 'int'(으)로 변환하면서 데이터가 손실될 수 있습니다.
d:\studentresorces\7시반\academyclass\cpp09_03_virtualfuncquiz\gamemanager.cpp(69): warning C4244: '인수': 'float'에서 'int'(으)로 변환하면서 데이터가 손실될 수 있습니다.
d:\studentresorces\7시반\academyclass\cpp09_03_virtualfuncquiz\gamemanager.cpp(70): warning C4244: '인수': 'float'에서 'int'(으)로 변환하면서 데이터가 손실될 수 있습니다.
d:\studentresorces\7시반\academyclass\cpp09_03_virtualfuncquiz\gamemanager.cpp(71): warning C4244: '인수': 'float'에서 'int'(으)로 변환하면서 데이터가 손실될 수 있습니다.
d:\studentresorces\7시반\academyclass\cpp09_03_virtualfuncquiz\gamemanager.cpp(72): warning C4244: '인수': 'float'에서 'int'(으)로 변환하면서 데이터가 손실될 수 있습니다.
d:\studentresorces\7시반\academyclass\cpp09_03_virtualfuncquiz\gamemanager.cpp(73): warning C4244: '인수': 'float'에서 'int'(으)로 변환하면서 데이터가 손실될 수 있습니다.
d:\studentresorces\7시반\academyclass\cpp09_03_virtualfuncquiz\gamemanager.cpp(90): error C4996: 'getch': The POSIX name for this item is deprecated. Instead, use the ISO C and C++ conformant name: _getch. See online help for details.
  c:\program files (x86)\windows kits\10\include\10.0.18362.0\ucrt\conio.h(453): note: 'getch' 선언을 참조하십시오.
d:\studentresorces\7시반\academyclass\cpp09_03_virtualfuncquiz\gamemanager.cpp(98): warning C4244: '인수': 'float'에서 'int'(으)로 변환하면서 데이터가 손실될 수 있습니다.
d:\studentresorces\7시반\academyclass\cpp09_03_virtualfuncquiz\gamemanager.cpp(104): warning C4244: '인수': 'float'에서 'int'(으)로 변환하면서 데이터가 손실될 수 있습니다.
d:\studentresorces\7시반\academyclass\cpp09_03_virtualfuncquiz\gamemanager.cpp(106): warning C4244: '인수': 'float'에서 'int'(으)로 변환하면서 데이터가 손실될 수 있습니다.
d:\studentresorces\7시반\academyclass\cpp09_03_virtualfuncquiz\gamemanager.cpp(114): warning C4244: '인수': 'float'에서 'int'(으)로 변환하면서 데이터가 손실될 수 있습니다.
d:\studentresorces\7시반\academyclass\cpp09_03_virtualfuncquiz\gamemanager.cpp(115): warning C4244: '인수': 'float'에서 'int'(으)로 변환하면서 데이터가 손실될 수 있습니다.
d:\studentresorces\7시반\academyclass\cpp09_03_virtualfuncquiz\gamemanager.cpp(121): warning C4244: '인수': 'float'에서 'int'(으)로 변환하면서 데이터가 손실될 수 있습니다.
d:\studentresorces\7시반\academyclass\cpp09_03_virtualfuncquiz\gamemanager.cpp(122): warning C4244: '인수': 'float'에서 'int'(으)로 변환하면서 데이터가 손실될 수 있습니다.
d:\studentresorces\7시반\academyclass\cpp09_03_virtualfuncquiz\gamemanager.cpp(128): warning C4244: '인수': 'float'에서 'int'(으)로 변환하면서 데이터가 손실될 수 있습니다.
d:\studentresorces\7시반\academyclass\cpp09_03_virtualfuncquiz\gamemanager.cpp(129): warning C4244: '인수': 'float'에서 'int'(으)로 변환하면서 데이터가 손실될 수 있습니다.
d:\studentresorces\7시반\academyclass\cpp09_03_virtualfuncquiz\gamemanager.cpp(139): warning C4244: '인수': 'float'에서 'int'(으)로 변환하면서 데이터가 손실될 수 있습니다.
d:\studentresorces\7시반\academyclass\cpp09_03_virtualfuncquiz\gamemanager.cpp(140): warning C4244: '인수': 'float'에서 'int'(으)로 변환하면서 데이터가 손실될 수 있습니다.
d:\studentresorces\7시반\academyclass\cpp09_03_virtualfuncquiz\gamemanager.cpp(144): warning C4244: '인수': 'float'에서 'int'(으)로 변환하면서 데이터가 손실될 수 있습니다.
d:\studentresorces\7시반\academyclass\cpp09_03_virtualfuncquiz\gamemanager.cpp(143): error C4996: 'getch': The POSIX name for this item is deprecated. Instead, use the ISO C and C++ conformant name: _getch. See online help for details.
  c:\program files (x86)\windows kits\10\include\10.0.18362.0\ucrt\conio.h(453): note: 'getch' 선언을 참조하십시오.
d:\studentresorces\7시반\academyclass\cpp09_03_virtualfuncquiz\gamemanager.cpp(153): error C4996: 'getch': The POSIX name for this item is deprecated. Instead, use the ISO C and C++ conformant name: _getch. See online help for details.
  c:\program files (x86)\windows kits\10\include\10.0.18362.0\ucrt\conio.h(453): note: 'getch' 선언을 참조하십시오.
d:\studentresorces\7시반\academyclass\cpp09_03_virtualfuncquiz\gamemanager.cpp(160): error C4996: 'getch': The POSIX name for this item is deprecated. Instead, use the ISO C and C++ conformant name: _getch. See online help for details.
  c:\program files (x86)\windows kits\10\include\10.0.18362.0\ucrt\conio.h(453): note: 'getch' 선언을 참조하십시오.
d:\studentresorces\7시반\academyclass\cpp09_03_virtualfuncquiz\gamemanager.cpp(177): warning C4244: '인수': 'float'에서 'int'(으)로 변환하면서 데이터가 손실될 수 있습니다.
d:\studentresorces\7시반\academyclass\cpp09_03_virtualfuncquiz\gamemanager.cpp(178): warning C4244: '인수': 'float'에서 'int'(으)로 변환하면서 데이터가 손실될 수 있습니다.
d:\studentresorces\7시반\academyclass\cpp09_03_virtualfuncquiz\gamemanager.cpp(179): warning C4244: '인수': 'float'에서 'int'(으)로 변환하면서 데이터가 손실될 수 있습니다.
d:\studentresorces\7시반\academyclass\cpp09_03_virtualfuncquiz\gamemanager.cpp(196): warning C4244: '인수': 'float'에서 'int'(으)로 변환하면서 데이터가 손실될 수 있습니다.
d:\studentresorces\7시반\academyclass\cpp09_03_virtualfuncquiz\gamemanager.cpp(197): warning C4244: '인수': 'float'에서 'int'(으)로 변환하면서 데이터가 손실될 수 있습니다.
d:\studentresorces\7시반\academyclass\cpp09_03_virtualfuncquiz\gamemanager.cpp(203): error C4996: 'getch': The POSIX name for this item is deprecated. Instead, use the ISO C and C++ conformant name: _getch. See online help for details.
  c:\program files (x86)\windows kits\10\include\10.0.18362.0\ucrt\conio.h(453): note: 'getch' 선언을 참조하십시오.
d:\studentresorces\7시반\academyclass\cpp09_03_virtualfuncquiz\gamemanager.cpp(231): error C4996: 'getch': The POSIX name for this item is deprecated. Instead, use the ISO C and C++ conformant name: _getch. See online help for details.
  c:\program files (x86)\windows kits\10\include\10.0.18362.0\ucrt\conio.h(453): note: 'getch' 선언을 참조하십시오.
d:\studentresorces\7시반\academyclass\cpp09_03_virtualfuncquiz\gamemanager.cpp(247): error C4996: 'getch': The POSIX name for this item is deprecated. Instead, use the ISO C and C++ conformant name: _getch. See online help for details.
  c:\program files (x86)\windows kits\10\include\10.0.18362.0\ucrt\conio.h(453): note: 'getch' 선언을 참조하십시오.
d:\studentresorces\7시반\academyclass\cpp09_03_virtualfuncquiz\gamemanager.cpp(291): warning C4244: '초기화 중': 'float'에서 'int'(으)로 변환하면서 데이터가 손실될 수 있습니다.
d:\studentresorces\7시반\academyclass\cpp09_03_virtualfuncquiz\gamemanager.cpp(293): warning C4244: '인수': 'float'에서 'int'(으)로 변환하면서 데이터가 손실될 수 있습니다.
d:\studentresorces\7시반\academyclass\cpp09_03_virtualfuncquiz\gamemanager.cpp(294): warning C4244: '인수': 'float'에서 'int'(으)로 변환하면서 데이터가 손실될 수 있습니다.
d:\studentresorces\7시반\academyclass\cpp09_03_virtualfuncquiz\gamemanager.cpp(295): warning C4244: '인수': 'float'에서 'int'(으)로 변환하면서 데이터가 손실될 수 있습니다.
d:\studentresorces\7시반\academyclass\cpp09_03_virtualfuncquiz\gamemanager.cpp(296): warning C4244: '인수': 'float'에서 'int'(으)로 변환하면서 데이터가 손실될 수 있습니다.
d:\studentresorces\7시반\academyclass\cpp09_03_virtualfuncquiz\gamemanager.cpp(297): warning C4244: '인수': 'float'에서 'int'(으)로 변환하면서 데이터가 손실될 수 있습니다.
d:\studentresorces\7시반\academyclass\cpp09_03_virtualfuncquiz\gamemanager.cpp(298): warning C4244: '인수': 'float'에서 'int'(으)로 변환하면서 데이터가 손실될 수 있습니다.
d:\studentresorces\7시반\academyclass\cpp09_03_virtualfuncquiz\gamemanager.cpp(299): warning C4244: '인수': 'float'에서 'int'(으)로 변환하면서 데이터가 손실될 수 있습니다.
d:\studentresorces\7시반\academyclass\cpp09_03_virtualfuncquiz\gamemanager.cpp(300): warning C4244: '인수': 'float'에서 'int'(으)로 변환하면서 데이터가 손실될 수 있습니다.
d:\studentresorces\7시반\academyclass\cpp09_03_virtualfuncquiz\gamemanager.cpp(332): warning C4244: '초기화 중': 'float'에서 'int'(으)로 변환하면서 데이터가 손실될 수 있습니다.
d:\studentresorces\7시반\academyclass\cpp09_03_virtualfuncquiz\gamemanager.cpp(353): warning C4244: '초기화 중': 'float'에서 'int'(으)로 변환하면서 데이터가 손실될 수 있습니다.
d:\studentresorces\7시반\academyclass\cpp09_03_virtualfuncquiz\gamemanager.cpp(357): warning C4244: '인수': 'float'에서 'int'(으)로 변환하면서 데이터가 손실될 수 있습니다.
d:\studentresorces\7시반\academyclass\cpp09_03_virtualfuncquiz\gamemanager.cpp(359): warning C4244: '인수': 'float'에서 'int'(으)로 변환하면서 데이터가 손실될 수 있습니다.
d:\studentresorces\7시반\academyclass\cpp09_03_virtualfuncquiz\gamemanager.cpp(360): warning C4244: '인수': 'float'에서 'int'(으)로 변환하면서 데이터가 손실될 수 있습니다.
d:\studentresorces\7시반\academyclass\cpp09_03_virtualfuncquiz\gamemanager.cpp(361): warning C4244: '인수': 'float'에서 'int'(으)로 변환하면서 데이터가 손실될 수 있습니다.
d:\studentresorces\7시반\academyclass\cpp09_03_virtualfuncquiz\gamemanager.cpp(362): warning C4244: '인수': 'float'에서 'int'(으)로 변환하면서 데이터가 손실될 수 있습니다.
d:\studentresorces\7시반\academyclass\cpp09_03_virtualfuncquiz\gamemanager.cpp(363): warning C4244: '인수': 'float'에서 'int'(으)로 변환하면서 데이터가 손실될 수 있습니다.
d:\studentresorces\7시반\academyclass\cpp09_03_virtualfuncquiz\gamemanager.cpp(364): warning C4244: '인수': 'float'에서 'int'(으)로 변환하면서 데이터가 손실될 수 있습니다.
d:\studentresorces\7시반\academyclass\cpp09_03_virtualfuncquiz\gamemanager.cpp(365): warning C4244: '인수': 'float'에서 'int'(으)로 변환하면서 데이터가 손실될 수 있습니다.
d:\studentresorces\7시반\academyclass\cpp09_03_virtualfuncquiz\gamemanager.cpp(366): warning C4244: '인수': 'float'에서 'int'(으)로 변환하면서 데이터가 손실될 수 있습니다.
d:\studentresorces\7시반\academyclass\cpp09_03_virtualfuncquiz\gamemanager.cpp(375): warning C4244: '초기화 중': 'float'에서 'int'(으)로 변환하면서 데이터가 손실될 수 있습니다.
d:\studentresorces\7시반\academyclass\cpp09_03_virtualfuncquiz\gamemanager.cpp(422): warning C4244: '초기화 중': 'float'에서 'int'(으)로 변환하면서 데이터가 손실될 수 있습니다.
  MapDraw.cpp
d:\studentresorces\7시반\academyclass\cpp09_03_virtualfuncquiz\mapdraw.h(19): warning C4838: 'int'에서 'SHORT'(으)로의 변환에는 축소 변환이 필요합니다.
d:\studentresorces\7시반\academyclass\cpp09_03_virtualfuncquiz\mapdraw.cpp(27): warning C4267: '-=': 'size_t'에서 'int'(으)로 변환하면서 데이터가 손실될 수 있습니다.
d:\studentresorces\7시반\academyclass\cpp09_03_virtualfuncquiz\mapdraw.cpp(90): error C4996: 'getch': The POSIX name for this item is deprecated. Instead, use the ISO C and C++ conformant name: _getch. See online help for details.
  c:\program files (x86)\windows kits\10\include\10.0.18362.0\ucrt\conio.h(453): note: 'getch' 선언을 참조하십시오.
  코드를 생성하고 있습니다...
