  GameManager.cpp
C:\Users\A-03\Documents\spark\AcademyClass\CPP09_03_virtualFuncQuiz\MapDraw.h(19,17): warning C4838: 'int'에서 'SHORT'(으)로의 변환에는 축소 변환이 필요합니다.
C:\Users\A-03\Documents\spark\AcademyClass\CPP09_03_virtualFuncQuiz\MapDraw.h(19,20): warning C4838: 'int'에서 'SHORT'(으)로의 변환에는 축소 변환이 필요합니다.
C:\Users\A-03\Documents\spark\AcademyClass\CPP09_03_virtualFuncQuiz\GameManager.cpp(8,2): warning C4996: 'sprintf': This function or variable may be unsafe. Consider using sprintf_s instead. To disable deprecation, use _CRT_SECURE_NO_WARNINGS. See online help for details.
C:\Users\A-03\Documents\spark\AcademyClass\CPP09_03_virtualFuncQuiz\GameManager.cpp(17,64): warning C4244: '인수': 'float'에서 'int'(으)로 변환하면서 데이터가 손실될 수 있습니다.
C:\Users\A-03\Documents\spark\AcademyClass\CPP09_03_virtualFuncQuiz\GameManager.cpp(18,53): warning C4244: '인수': 'float'에서 'int'(으)로 변환하면서 데이터가 손실될 수 있습니다.
C:\Users\A-03\Documents\spark\AcademyClass\CPP09_03_virtualFuncQuiz\GameManager.cpp(19,53): warning C4244: '인수': 'float'에서 'int'(으)로 변환하면서 데이터가 손실될 수 있습니다.
C:\Users\A-03\Documents\spark\AcademyClass\CPP09_03_virtualFuncQuiz\GameManager.cpp(20,53): warning C4244: '인수': 'float'에서 'int'(으)로 변환하면서 데이터가 손실될 수 있습니다.
C:\Users\A-03\Documents\spark\AcademyClass\CPP09_03_virtualFuncQuiz\GameManager.cpp(38,69): warning C4244: '인수': 'float'에서 'int'(으)로 변환하면서 데이터가 손실될 수 있습니다.
C:\Users\A-03\Documents\spark\AcademyClass\CPP09_03_virtualFuncQuiz\GameManager.cpp(67,62): warning C4244: '인수': 'double'에서 'int'(으)로 변환하면서 데이터가 손실될 수 있습니다.
C:\Users\A-03\Documents\spark\AcademyClass\CPP09_03_virtualFuncQuiz\GameManager.cpp(68,57): warning C4244: '인수': 'float'에서 'int'(으)로 변환하면서 데이터가 손실될 수 있습니다.
C:\Users\A-03\Documents\spark\AcademyClass\CPP09_03_virtualFuncQuiz\GameManager.cpp(69,62): warning C4244: '인수': 'float'에서 'int'(으)로 변환하면서 데이터가 손실될 수 있습니다.
C:\Users\A-03\Documents\spark\AcademyClass\CPP09_03_virtualFuncQuiz\GameManager.cpp(70,63): warning C4244: '인수': 'float'에서 'int'(으)로 변환하면서 데이터가 손실될 수 있습니다.
C:\Users\A-03\Documents\spark\AcademyClass\CPP09_03_virtualFuncQuiz\GameManager.cpp(71,62): warning C4244: '인수': 'float'에서 'int'(으)로 변환하면서 데이터가 손실될 수 있습니다.
C:\Users\A-03\Documents\spark\AcademyClass\CPP09_03_virtualFuncQuiz\GameManager.cpp(72,55): warning C4244: '인수': 'float'에서 'int'(으)로 변환하면서 데이터가 손실될 수 있습니다.
C:\Users\A-03\Documents\spark\AcademyClass\CPP09_03_virtualFuncQuiz\GameManager.cpp(73,55): warning C4244: '인수': 'float'에서 'int'(으)로 변환하면서 데이터가 손실될 수 있습니다.
C:\Users\A-03\Documents\spark\AcademyClass\CPP09_03_virtualFuncQuiz\GameManager.cpp(90,2): warning C4996: 'getch': The POSIX name for this item is deprecated. Instead, use the ISO C and C++ conformant name: _getch. See online help for details.
C:\Users\A-03\Documents\spark\AcademyClass\CPP09_03_virtualFuncQuiz\GameManager.cpp(98,71): warning C4244: '인수': 'float'에서 'int'(으)로 변환하면서 데이터가 손실될 수 있습니다.
C:\Users\A-03\Documents\spark\AcademyClass\CPP09_03_virtualFuncQuiz\GameManager.cpp(104,61): warning C4244: '인수': 'float'에서 'int'(으)로 변환하면서 데이터가 손실될 수 있습니다.
C:\Users\A-03\Documents\spark\AcademyClass\CPP09_03_virtualFuncQuiz\GameManager.cpp(106,67): warning C4244: '인수': 'float'에서 'int'(으)로 변환하면서 데이터가 손실될 수 있습니다.
C:\Users\A-03\Documents\spark\AcademyClass\CPP09_03_virtualFuncQuiz\GameManager.cpp(114,53): warning C4244: '인수': 'float'에서 'int'(으)로 변환하면서 데이터가 손실될 수 있습니다.
C:\Users\A-03\Documents\spark\AcademyClass\CPP09_03_virtualFuncQuiz\GameManager.cpp(115,53): warning C4244: '인수': 'float'에서 'int'(으)로 변환하면서 데이터가 손실될 수 있습니다.
C:\Users\A-03\Documents\spark\AcademyClass\CPP09_03_virtualFuncQuiz\GameManager.cpp(121,56): warning C4244: '인수': 'float'에서 'int'(으)로 변환하면서 데이터가 손실될 수 있습니다.
C:\Users\A-03\Documents\spark\AcademyClass\CPP09_03_virtualFuncQuiz\GameManager.cpp(122,56): warning C4244: '인수': 'float'에서 'int'(으)로 변환하면서 데이터가 손실될 수 있습니다.
C:\Users\A-03\Documents\spark\AcademyClass\CPP09_03_virtualFuncQuiz\GameManager.cpp(128,56): warning C4244: '인수': 'float'에서 'int'(으)로 변환하면서 데이터가 손실될 수 있습니다.
C:\Users\A-03\Documents\spark\AcademyClass\CPP09_03_virtualFuncQuiz\GameManager.cpp(129,56): warning C4244: '인수': 'float'에서 'int'(으)로 변환하면서 데이터가 손실될 수 있습니다.
C:\Users\A-03\Documents\spark\AcademyClass\CPP09_03_virtualFuncQuiz\GameManager.cpp(139,67): warning C4244: '인수': 'float'에서 'int'(으)로 변환하면서 데이터가 손실될 수 있습니다.
C:\Users\A-03\Documents\spark\AcademyClass\CPP09_03_virtualFuncQuiz\GameManager.cpp(140,149): warning C4244: '인수': 'float'에서 'int'(으)로 변환하면서 데이터가 손실될 수 있습니다.
C:\Users\A-03\Documents\spark\AcademyClass\CPP09_03_virtualFuncQuiz\GameManager.cpp(144,54): warning C4244: '인수': 'float'에서 'int'(으)로 변환하면서 데이터가 손실될 수 있습니다.
C:\Users\A-03\Documents\spark\AcademyClass\CPP09_03_virtualFuncQuiz\GameManager.cpp(143,3): warning C4996: 'getch': The POSIX name for this item is deprecated. Instead, use the ISO C and C++ conformant name: _getch. See online help for details.
C:\Users\A-03\Documents\spark\AcademyClass\CPP09_03_virtualFuncQuiz\GameManager.cpp(153,3): warning C4996: 'getch': The POSIX name for this item is deprecated. Instead, use the ISO C and C++ conformant name: _getch. See online help for details.
C:\Users\A-03\Documents\spark\AcademyClass\CPP09_03_virtualFuncQuiz\GameManager.cpp(160,3): warning C4996: 'getch': The POSIX name for this item is deprecated. Instead, use the ISO C and C++ conformant name: _getch. See online help for details.
C:\Users\A-03\Documents\spark\AcademyClass\CPP09_03_virtualFuncQuiz\GameManager.cpp(177,87): warning C4244: '인수': 'float'에서 'int'(으)로 변환하면서 데이터가 손실될 수 있습니다.
C:\Users\A-03\Documents\spark\AcademyClass\CPP09_03_virtualFuncQuiz\GameManager.cpp(178,93): warning C4244: '인수': 'float'에서 'int'(으)로 변환하면서 데이터가 손실될 수 있습니다.
C:\Users\A-03\Documents\spark\AcademyClass\CPP09_03_virtualFuncQuiz\GameManager.cpp(179,92): warning C4244: '인수': 'float'에서 'int'(으)로 변환하면서 데이터가 손실될 수 있습니다.
C:\Users\A-03\Documents\spark\AcademyClass\CPP09_03_virtualFuncQuiz\GameManager.cpp(188,20): warning C4018: '<': signed 또는 unsigned가 일치하지 않습니다.
C:\Users\A-03\Documents\spark\AcademyClass\CPP09_03_virtualFuncQuiz\GameManager.cpp(196,49): warning C4244: '인수': 'float'에서 'int'(으)로 변환하면서 데이터가 손실될 수 있습니다.
C:\Users\A-03\Documents\spark\AcademyClass\CPP09_03_virtualFuncQuiz\GameManager.cpp(197,77): warning C4244: '인수': 'float'에서 'int'(으)로 변환하면서 데이터가 손실될 수 있습니다.
C:\Users\A-03\Documents\spark\AcademyClass\CPP09_03_virtualFuncQuiz\GameManager.cpp(203,16): warning C4996: 'getch': The POSIX name for this item is deprecated. Instead, use the ISO C and C++ conformant name: _getch. See online help for details.
C:\Users\A-03\Documents\spark\AcademyClass\CPP09_03_virtualFuncQuiz\GameManager.cpp(231,2): warning C4996: 'getch': The POSIX name for this item is deprecated. Instead, use the ISO C and C++ conformant name: _getch. See online help for details.
C:\Users\A-03\Documents\spark\AcademyClass\CPP09_03_virtualFuncQuiz\GameManager.cpp(247,4): warning C4996: 'getch': The POSIX name for this item is deprecated. Instead, use the ISO C and C++ conformant name: _getch. See online help for details.
C:\Users\A-03\Documents\spark\AcademyClass\CPP09_03_virtualFuncQuiz\GameManager.cpp(255,2): warning C4996: 'getch': The POSIX name for this item is deprecated. Instead, use the ISO C and C++ conformant name: _getch. See online help for details.
C:\Users\A-03\Documents\spark\AcademyClass\CPP09_03_virtualFuncQuiz\GameManager.cpp(293,19): warning C4244: '초기화 중': 'float'에서 'int'(으)로 변환하면서 데이터가 손실될 수 있습니다.
C:\Users\A-03\Documents\spark\AcademyClass\CPP09_03_virtualFuncQuiz\GameManager.cpp(295,64): warning C4244: '인수': 'float'에서 'int'(으)로 변환하면서 데이터가 손실될 수 있습니다.
C:\Users\A-03\Documents\spark\AcademyClass\CPP09_03_virtualFuncQuiz\GameManager.cpp(296,59): warning C4244: '인수': 'float'에서 'int'(으)로 변환하면서 데이터가 손실될 수 있습니다.
C:\Users\A-03\Documents\spark\AcademyClass\CPP09_03_virtualFuncQuiz\GameManager.cpp(297,59): warning C4244: '인수': 'float'에서 'int'(으)로 변환하면서 데이터가 손실될 수 있습니다.
C:\Users\A-03\Documents\spark\AcademyClass\CPP09_03_virtualFuncQuiz\GameManager.cpp(298,59): warning C4244: '인수': 'float'에서 'int'(으)로 변환하면서 데이터가 손실될 수 있습니다.
C:\Users\A-03\Documents\spark\AcademyClass\CPP09_03_virtualFuncQuiz\GameManager.cpp(299,59): warning C4244: '인수': 'float'에서 'int'(으)로 변환하면서 데이터가 손실될 수 있습니다.
C:\Users\A-03\Documents\spark\AcademyClass\CPP09_03_virtualFuncQuiz\GameManager.cpp(300,59): warning C4244: '인수': 'float'에서 'int'(으)로 변환하면서 데이터가 손실될 수 있습니다.
C:\Users\A-03\Documents\spark\AcademyClass\CPP09_03_virtualFuncQuiz\GameManager.cpp(301,59): warning C4244: '인수': 'float'에서 'int'(으)로 변환하면서 데이터가 손실될 수 있습니다.
C:\Users\A-03\Documents\spark\AcademyClass\CPP09_03_virtualFuncQuiz\GameManager.cpp(302,63): warning C4244: '인수': 'float'에서 'int'(으)로 변환하면서 데이터가 손실될 수 있습니다.
C:\Users\A-03\Documents\spark\AcademyClass\CPP09_03_virtualFuncQuiz\GameManager.cpp(333,19): warning C4244: '초기화 중': 'float'에서 'int'(으)로 변환하면서 데이터가 손실될 수 있습니다.
C:\Users\A-03\Documents\spark\AcademyClass\CPP09_03_virtualFuncQuiz\GameManager.cpp(354,19): warning C4244: '초기화 중': 'float'에서 'int'(으)로 변환하면서 데이터가 손실될 수 있습니다.
C:\Users\A-03\Documents\spark\AcademyClass\CPP09_03_virtualFuncQuiz\GameManager.cpp(358,91): warning C4244: '인수': 'float'에서 'int'(으)로 변환하면서 데이터가 손실될 수 있습니다.
C:\Users\A-03\Documents\spark\AcademyClass\CPP09_03_virtualFuncQuiz\GameManager.cpp(360,67): warning C4244: '인수': 'float'에서 'int'(으)로 변환하면서 데이터가 손실될 수 있습니다.
C:\Users\A-03\Documents\spark\AcademyClass\CPP09_03_virtualFuncQuiz\GameManager.cpp(361,59): warning C4244: '인수': 'float'에서 'int'(으)로 변환하면서 데이터가 손실될 수 있습니다.
C:\Users\A-03\Documents\spark\AcademyClass\CPP09_03_virtualFuncQuiz\GameManager.cpp(362,59): warning C4244: '인수': 'float'에서 'int'(으)로 변환하면서 데이터가 손실될 수 있습니다.
C:\Users\A-03\Documents\spark\AcademyClass\CPP09_03_virtualFuncQuiz\GameManager.cpp(363,59): warning C4244: '인수': 'float'에서 'int'(으)로 변환하면서 데이터가 손실될 수 있습니다.
C:\Users\A-03\Documents\spark\AcademyClass\CPP09_03_virtualFuncQuiz\GameManager.cpp(364,59): warning C4244: '인수': 'float'에서 'int'(으)로 변환하면서 데이터가 손실될 수 있습니다.
C:\Users\A-03\Documents\spark\AcademyClass\CPP09_03_virtualFuncQuiz\GameManager.cpp(365,59): warning C4244: '인수': 'float'에서 'int'(으)로 변환하면서 데이터가 손실될 수 있습니다.
C:\Users\A-03\Documents\spark\AcademyClass\CPP09_03_virtualFuncQuiz\GameManager.cpp(366,59): warning C4244: '인수': 'float'에서 'int'(으)로 변환하면서 데이터가 손실될 수 있습니다.
C:\Users\A-03\Documents\spark\AcademyClass\CPP09_03_virtualFuncQuiz\GameManager.cpp(367,63): warning C4244: '인수': 'float'에서 'int'(으)로 변환하면서 데이터가 손실될 수 있습니다.
C:\Users\A-03\Documents\spark\AcademyClass\CPP09_03_virtualFuncQuiz\GameManager.cpp(376,18): warning C4244: '초기화 중': 'float'에서 'int'(으)로 변환하면서 데이터가 손실될 수 있습니다.
C:\Users\A-03\Documents\spark\AcademyClass\CPP09_03_virtualFuncQuiz\GameManager.cpp(437,19): warning C4244: '초기화 중': 'float'에서 'int'(으)로 변환하면서 데이터가 손실될 수 있습니다.
  mainRPG.cpp
C:\Users\A-03\Documents\spark\AcademyClass\CPP09_03_virtualFuncQuiz\MapDraw.h(19,17): warning C4838: 'int'에서 'SHORT'(으)로의 변환에는 축소 변환이 필요합니다.
C:\Users\A-03\Documents\spark\AcademyClass\CPP09_03_virtualFuncQuiz\MapDraw.h(19,20): warning C4838: 'int'에서 'SHORT'(으)로의 변환에는 축소 변환이 필요합니다.
C:\Users\A-03\Documents\spark\AcademyClass\CPP09_03_virtualFuncQuiz\mainRPG.cpp(72,1): warning C4326: 'main'의 반환 형식이 'int'이어야 하는데 'void'입니다.
  코드를 생성하고 있습니다...
  CPP09_03_virtualFuncQuiz.vcxproj -> C:\Users\A-03\Documents\spark\AcademyClass\CPP09_03_virtualFuncQuiz\Debug\CPP09_03_virtualFuncQuiz.exe
